  Aimbot.cpp
C:\Users\Tomas\github repos\TF2-xtrnl\TF2-xtrnl\src\Utils\Math\Math.h(16,3): error C4235: nonstandard extension used: '__asm' keyword not supported on this architecture
C:\Users\Tomas\github repos\TF2-xtrnl\TF2-xtrnl\src\Utils\Math\Math.h(18,4): error C2065: 'fld': undeclared identifier
C:\Users\Tomas\github repos\TF2-xtrnl\TF2-xtrnl\src\Utils\Math\Math.h(18,9): error C2146: syntax error: missing ';' before identifier 'DWORD'
C:\Users\Tomas\github repos\TF2-xtrnl\TF2-xtrnl\src\Utils\Math\Math.h(18,9): error C2065: 'DWORD': undeclared identifier
C:\Users\Tomas\github repos\TF2-xtrnl\TF2-xtrnl\src\Utils\Math\Math.h(18,15): error C2146: syntax error: missing ';' before identifier 'PTR'
C:\Users\Tomas\github repos\TF2-xtrnl\TF2-xtrnl\src\Utils\Math\Math.h(18,15): error C2065: 'PTR': undeclared identifier
C:\Users\Tomas\github repos\TF2-xtrnl\TF2-xtrnl\src\Utils\Math\Math.h(19,4): error C2146: syntax error: missing ';' before identifier 'fsincos'
C:\Users\Tomas\github repos\TF2-xtrnl\TF2-xtrnl\src\Utils\Math\Math.h(19,4): error C2065: 'fsincos': undeclared identifier
C:\Users\Tomas\github repos\TF2-xtrnl\TF2-xtrnl\src\Utils\Math\Math.h(21,4): error C2146: syntax error: missing ';' before identifier 'mov'
C:\Users\Tomas\github repos\TF2-xtrnl\TF2-xtrnl\src\Utils\Math\Math.h(21,4): error C2065: 'mov': undeclared identifier
C:\Users\Tomas\github repos\TF2-xtrnl\TF2-xtrnl\src\Utils\Math\Math.h(21,8): error C2146: syntax error: missing ';' before identifier 'edx'
C:\Users\Tomas\github repos\TF2-xtrnl\TF2-xtrnl\src\Utils\Math\Math.h(21,8): error C2065: 'edx': undeclared identifier
C:\Users\Tomas\github repos\TF2-xtrnl\TF2-xtrnl\src\Utils\Math\Math.h(21,13): error C2065: 'DWORD': undeclared identifier
C:\Users\Tomas\github repos\TF2-xtrnl\TF2-xtrnl\src\Utils\Math\Math.h(21,19): error C2146: syntax error: missing ';' before identifier 'PTR'
C:\Users\Tomas\github repos\TF2-xtrnl\TF2-xtrnl\src\Utils\Math\Math.h(21,19): error C2065: 'PTR': undeclared identifier
C:\Users\Tomas\github repos\TF2-xtrnl\TF2-xtrnl\src\Utils\Math\Math.h(22,4): error C2146: syntax error: missing ';' before identifier 'mov'
C:\Users\Tomas\github repos\TF2-xtrnl\TF2-xtrnl\src\Utils\Math\Math.h(22,4): error C2065: 'mov': undeclared identifier
C:\Users\Tomas\github repos\TF2-xtrnl\TF2-xtrnl\src\Utils\Math\Math.h(22,8): error C2146: syntax error: missing ';' before identifier 'eax'
C:\Users\Tomas\github repos\TF2-xtrnl\TF2-xtrnl\src\Utils\Math\Math.h(22,8): error C2065: 'eax': undeclared identifier
C:\Users\Tomas\github repos\TF2-xtrnl\TF2-xtrnl\src\Utils\Math\Math.h(22,13): error C2065: 'DWORD': undeclared identifier
C:\Users\Tomas\github repos\TF2-xtrnl\TF2-xtrnl\src\Utils\Math\Math.h(22,19): error C2146: syntax error: missing ';' before identifier 'PTR'
C:\Users\Tomas\github repos\TF2-xtrnl\TF2-xtrnl\src\Utils\Math\Math.h(22,19): error C2065: 'PTR': undeclared identifier
C:\Users\Tomas\github repos\TF2-xtrnl\TF2-xtrnl\src\Utils\Math\Math.h(24,4): error C2146: syntax error: missing ';' before identifier 'fstp'
C:\Users\Tomas\github repos\TF2-xtrnl\TF2-xtrnl\src\Utils\Math\Math.h(24,4): error C2065: 'fstp': undeclared identifier
C:\Users\Tomas\github repos\TF2-xtrnl\TF2-xtrnl\src\Utils\Math\Math.h(24,9): error C2146: syntax error: missing ';' before identifier 'DWORD'
C:\Users\Tomas\github repos\TF2-xtrnl\TF2-xtrnl\src\Utils\Math\Math.h(24,9): error C2065: 'DWORD': undeclared identifier
C:\Users\Tomas\github repos\TF2-xtrnl\TF2-xtrnl\src\Utils\Math\Math.h(24,15): error C2146: syntax error: missing ';' before identifier 'PTR'
C:\Users\Tomas\github repos\TF2-xtrnl\TF2-xtrnl\src\Utils\Math\Math.h(24,15): error C2065: 'PTR': undeclared identifier
C:\Users\Tomas\github repos\TF2-xtrnl\TF2-xtrnl\src\Utils\Math\Math.h(24,19): error C2065: 'edx': undeclared identifier
C:\Users\Tomas\github repos\TF2-xtrnl\TF2-xtrnl\src\Utils\Math\Math.h(25,4): error C2146: syntax error: missing ';' before identifier 'fstp'
C:\Users\Tomas\github repos\TF2-xtrnl\TF2-xtrnl\src\Utils\Math\Math.h(25,4): error C2065: 'fstp': undeclared identifier
C:\Users\Tomas\github repos\TF2-xtrnl\TF2-xtrnl\src\Utils\Math\Math.h(25,9): error C2146: syntax error: missing ';' before identifier 'DWORD'
C:\Users\Tomas\github repos\TF2-xtrnl\TF2-xtrnl\src\Utils\Math\Math.h(25,9): error C2065: 'DWORD': undeclared identifier
C:\Users\Tomas\github repos\TF2-xtrnl\TF2-xtrnl\src\Utils\Math\Math.h(25,15): error C2146: syntax error: missing ';' before identifier 'PTR'
C:\Users\Tomas\github repos\TF2-xtrnl\TF2-xtrnl\src\Utils\Math\Math.h(25,15): error C2065: 'PTR': undeclared identifier
C:\Users\Tomas\github repos\TF2-xtrnl\TF2-xtrnl\src\Utils\Math\Math.h(25,19): error C2065: 'eax': undeclared identifier
C:\Users\Tomas\github repos\TF2-xtrnl\TF2-xtrnl\src\Utils\Math\Math.h(26,3): error C2143: syntax error: missing ';' before '}'
C:\Users\Tomas\github repos\TF2-xtrnl\TF2-xtrnl\src\Utils\Math\Math.h(29,28): error C2485: 'naked': unrecognized extended attribute
C:\Users\Tomas\github repos\TF2-xtrnl\TF2-xtrnl\src\Utils\Math\Math.h(31,3): error C4235: nonstandard extension used: '__asm' keyword not supported on this architecture
C:\Users\Tomas\github repos\TF2-xtrnl\TF2-xtrnl\src\Utils\Math\Math.h(31,8): error C2065: 'fld': undeclared identifier
C:\Users\Tomas\github repos\TF2-xtrnl\TF2-xtrnl\src\Utils\Math\Math.h(31,12): error C2146: syntax error: missing ';' before identifier 'qword'
C:\Users\Tomas\github repos\TF2-xtrnl\TF2-xtrnl\src\Utils\Math\Math.h(31,12): error C2065: 'qword': undeclared identifier
C:\Users\Tomas\github repos\TF2-xtrnl\TF2-xtrnl\src\Utils\Math\Math.h(31,18): error C2146: syntax error: missing ';' before identifier 'ptr'
C:\Users\Tomas\github repos\TF2-xtrnl\TF2-xtrnl\src\Utils\Math\Math.h(31,18): error C2065: 'ptr': undeclared identifier
C:\Users\Tomas\github repos\TF2-xtrnl\TF2-xtrnl\src\Utils\Math\Math.h(31,22): error C2065: 'esp': undeclared identifier
C:\Users\Tomas\github repos\TF2-xtrnl\TF2-xtrnl\src\Utils\Math\Math.h(32,4): error C2143: syntax error: missing ';' before '__asm'
C:\Users\Tomas\github repos\TF2-xtrnl\TF2-xtrnl\src\Utils\Math\Math.h(32,4): error C4235: nonstandard extension used: '__asm' keyword not supported on this architecture
C:\Users\Tomas\github repos\TF2-xtrnl\TF2-xtrnl\src\Utils\Math\Math.h(32,9): error C2065: 'fsqrt': undeclared identifier
C:\Users\Tomas\github repos\TF2-xtrnl\TF2-xtrnl\src\Utils\Math\Math.h(33,3): error C2143: syntax error: missing ';' before '__asm'
C:\Users\Tomas\github repos\TF2-xtrnl\TF2-xtrnl\src\Utils\Math\Math.h(33,3): error C4235: nonstandard extension used: '__asm' keyword not supported on this architecture
C:\Users\Tomas\github repos\TF2-xtrnl\TF2-xtrnl\src\Utils\Math\Math.h(33,8): error C2065: 'ret': undeclared identifier
C:\Users\Tomas\github repos\TF2-xtrnl\TF2-xtrnl\src\Utils\Math\Math.h(33,12): error C2143: syntax error: missing ';' before 'constant'
C:\Users\Tomas\github repos\TF2-xtrnl\TF2-xtrnl\src\Utils\Math\Math.h(34,2): error C2143: syntax error: missing ';' before '}'
C:\Users\Tomas\github repos\TF2-xtrnl\TF2-xtrnl\src\Utils\Process\Process.h(18,17): error C7525: inline variables require at least '/std:c++17'
C:\Users\Tomas\github repos\TF2-xtrnl\TF2-xtrnl\src\Utils\Utils.h(15,2): warning C4312: 'reinterpret_cast': conversion from 'const DWORD' to 'PVOID' of greater size
C:\Users\Tomas\github repos\TF2-xtrnl\TF2-xtrnl\src\Utils\Utils.h(20,2): warning C4312: 'reinterpret_cast': conversion from 'const DWORD' to 'PVOID' of greater size
C:\Users\Tomas\github repos\TF2-xtrnl\TF2-xtrnl\src\Utils\Utils.h(33,52): warning C4311: 'reinterpret_cast': pointer truncation from 'HMODULE' to 'DWORD'
C:\Users\Tomas\github repos\TF2-xtrnl\TF2-xtrnl\src\Utils\Utils.h(33,52): warning C4302: 'reinterpret_cast': truncation from 'HMODULE' to 'DWORD'
C:\Users\Tomas\github repos\TF2-xtrnl\TF2-xtrnl\src\SDK\Include\Offsets.h(8,2): error C7525: inline variables require at least '/std:c++17'
C:\Users\Tomas\github repos\TF2-xtrnl\TF2-xtrnl\src\SDK\Include\Offsets.h(9,2): error C7525: inline variables require at least '/std:c++17'
C:\Users\Tomas\github repos\TF2-xtrnl\TF2-xtrnl\src\SDK\Include\Offsets.h(11,2): error C7525: inline variables require at least '/std:c++17'
C:\Users\Tomas\github repos\TF2-xtrnl\TF2-xtrnl\src\SDK\Include\Offsets.h(12,2): error C7525: inline variables require at least '/std:c++17'
C:\Users\Tomas\github repos\TF2-xtrnl\TF2-xtrnl\src\SDK\Include\Offsets.h(13,2): error C7525: inline variables require at least '/std:c++17'
C:\Users\Tomas\github repos\TF2-xtrnl\TF2-xtrnl\src\SDK\Include\Offsets.h(14,2): error C7525: inline variables require at least '/std:c++17'
C:\Users\Tomas\github repos\TF2-xtrnl\TF2-xtrnl\src\SDK\Include\Offsets.h(15,2): error C7525: inline variables require at least '/std:c++17'
C:\Users\Tomas\github repos\TF2-xtrnl\TF2-xtrnl\src\SDK\Include\Offsets.h(16,2): error C7525: inline variables require at least '/std:c++17'
C:\Users\Tomas\github repos\TF2-xtrnl\TF2-xtrnl\src\SDK\Include\Offsets.h(17,2): error C7525: inline variables require at least '/std:c++17'
C:\Users\Tomas\github repos\TF2-xtrnl\TF2-xtrnl\src\SDK\Include\Offsets.h(19,2): error C7525: inline variables require at least '/std:c++17'
C:\Users\Tomas\github repos\TF2-xtrnl\TF2-xtrnl\src\SDK\Include\Offsets.h(20,2): error C7525: inline variables require at least '/std:c++17'
C:\Users\Tomas\github repos\TF2-xtrnl\TF2-xtrnl\src\SDK\Include\Offsets.h(21,2): error C7525: inline variables require at least '/std:c++17'
C:\Users\Tomas\github repos\TF2-xtrnl\TF2-xtrnl\src\SDK\Include\Offsets.h(22,2): error C7525: inline variables require at least '/std:c++17'
C:\Users\Tomas\github repos\TF2-xtrnl\TF2-xtrnl\src\SDK\Include\Offsets.h(23,2): error C7525: inline variables require at least '/std:c++17'
C:\Users\Tomas\github repos\TF2-xtrnl\TF2-xtrnl\src\SDK\Include\Offsets.h(24,2): error C7525: inline variables require at least '/std:c++17'
C:\Users\Tomas\github repos\TF2-xtrnl\TF2-xtrnl\src\SDK\Include\Client\Client.h(15,16): error C7525: inline variables require at least '/std:c++17'
C:\Users\Tomas\github repos\TF2-xtrnl\TF2-xtrnl\src\SDK\Include\Engine\Engine.h(11,16): error C7525: inline variables require at least '/std:c++17'
C:\Users\Tomas\github repos\TF2-xtrnl\TF2-xtrnl\src\SDK\Include\EntityList\EntityList.h(10,20): error C7525: inline variables require at least '/std:c++17'
C:\Users\Tomas\github repos\TF2-xtrnl\TF2-xtrnl\src\SDK\Include\EntityCache\EntityCache.h(23,21): error C7525: inline variables require at least '/std:c++17'
C:\Users\Tomas\github repos\TF2-xtrnl\TF2-xtrnl\src\Features\Aimbot\Aimbot.h(23,16): error C7525: inline variables require at least '/std:c++17'
  AutoJump.cpp
C:\Users\Tomas\github repos\TF2-xtrnl\TF2-xtrnl\src\Utils\Math\Math.h(16,3): error C4235: nonstandard extension used: '__asm' keyword not supported on this architecture
C:\Users\Tomas\github repos\TF2-xtrnl\TF2-xtrnl\src\Utils\Math\Math.h(18,4): error C2065: 'fld': undeclared identifier
C:\Users\Tomas\github repos\TF2-xtrnl\TF2-xtrnl\src\Utils\Math\Math.h(18,9): error C2146: syntax error: missing ';' before identifier 'DWORD'
C:\Users\Tomas\github repos\TF2-xtrnl\TF2-xtrnl\src\Utils\Math\Math.h(18,9): error C2065: 'DWORD': undeclared identifier
C:\Users\Tomas\github repos\TF2-xtrnl\TF2-xtrnl\src\Utils\Math\Math.h(18,15): error C2146: syntax error: missing ';' before identifier 'PTR'
C:\Users\Tomas\github repos\TF2-xtrnl\TF2-xtrnl\src\Utils\Math\Math.h(18,15): error C2065: 'PTR': undeclared identifier
C:\Users\Tomas\github repos\TF2-xtrnl\TF2-xtrnl\src\Utils\Math\Math.h(19,4): error C2146: syntax error: missing ';' before identifier 'fsincos'
C:\Users\Tomas\github repos\TF2-xtrnl\TF2-xtrnl\src\Utils\Math\Math.h(19,4): error C2065: 'fsincos': undeclared identifier
C:\Users\Tomas\github repos\TF2-xtrnl\TF2-xtrnl\src\Utils\Math\Math.h(21,4): error C2146: syntax error: missing ';' before identifier 'mov'
C:\Users\Tomas\github repos\TF2-xtrnl\TF2-xtrnl\src\Utils\Math\Math.h(21,4): error C2065: 'mov': undeclared identifier
C:\Users\Tomas\github repos\TF2-xtrnl\TF2-xtrnl\src\Utils\Math\Math.h(21,8): error C2146: syntax error: missing ';' before identifier 'edx'
C:\Users\Tomas\github repos\TF2-xtrnl\TF2-xtrnl\src\Utils\Math\Math.h(21,8): error C2065: 'edx': undeclared identifier
C:\Users\Tomas\github repos\TF2-xtrnl\TF2-xtrnl\src\Utils\Math\Math.h(21,13): error C2065: 'DWORD': undeclared identifier
C:\Users\Tomas\github repos\TF2-xtrnl\TF2-xtrnl\src\Utils\Math\Math.h(21,19): error C2146: syntax error: missing ';' before identifier 'PTR'
C:\Users\Tomas\github repos\TF2-xtrnl\TF2-xtrnl\src\Utils\Math\Math.h(21,19): error C2065: 'PTR': undeclared identifier
C:\Users\Tomas\github repos\TF2-xtrnl\TF2-xtrnl\src\Utils\Math\Math.h(22,4): error C2146: syntax error: missing ';' before identifier 'mov'
C:\Users\Tomas\github repos\TF2-xtrnl\TF2-xtrnl\src\Utils\Math\Math.h(22,4): error C2065: 'mov': undeclared identifier
C:\Users\Tomas\github repos\TF2-xtrnl\TF2-xtrnl\src\Utils\Math\Math.h(22,8): error C2146: syntax error: missing ';' before identifier 'eax'
C:\Users\Tomas\github repos\TF2-xtrnl\TF2-xtrnl\src\Utils\Math\Math.h(22,8): error C2065: 'eax': undeclared identifier
C:\Users\Tomas\github repos\TF2-xtrnl\TF2-xtrnl\src\Utils\Math\Math.h(22,13): error C2065: 'DWORD': undeclared identifier
C:\Users\Tomas\github repos\TF2-xtrnl\TF2-xtrnl\src\Utils\Math\Math.h(22,19): error C2146: syntax error: missing ';' before identifier 'PTR'
C:\Users\Tomas\github repos\TF2-xtrnl\TF2-xtrnl\src\Utils\Math\Math.h(22,19): error C2065: 'PTR': undeclared identifier
C:\Users\Tomas\github repos\TF2-xtrnl\TF2-xtrnl\src\Utils\Math\Math.h(24,4): error C2146: syntax error: missing ';' before identifier 'fstp'
C:\Users\Tomas\github repos\TF2-xtrnl\TF2-xtrnl\src\Utils\Math\Math.h(24,4): error C2065: 'fstp': undeclared identifier
C:\Users\Tomas\github repos\TF2-xtrnl\TF2-xtrnl\src\Utils\Math\Math.h(24,9): error C2146: syntax error: missing ';' before identifier 'DWORD'
C:\Users\Tomas\github repos\TF2-xtrnl\TF2-xtrnl\src\Utils\Math\Math.h(24,9): error C2065: 'DWORD': undeclared identifier
C:\Users\Tomas\github repos\TF2-xtrnl\TF2-xtrnl\src\Utils\Math\Math.h(24,15): error C2146: syntax error: missing ';' before identifier 'PTR'
C:\Users\Tomas\github repos\TF2-xtrnl\TF2-xtrnl\src\Utils\Math\Math.h(24,15): error C2065: 'PTR': undeclared identifier
C:\Users\Tomas\github repos\TF2-xtrnl\TF2-xtrnl\src\Utils\Math\Math.h(24,19): error C2065: 'edx': undeclared identifier
C:\Users\Tomas\github repos\TF2-xtrnl\TF2-xtrnl\src\Utils\Math\Math.h(25,4): error C2146: syntax error: missing ';' before identifier 'fstp'
C:\Users\Tomas\github repos\TF2-xtrnl\TF2-xtrnl\src\Utils\Math\Math.h(25,4): error C2065: 'fstp': undeclared identifier
C:\Users\Tomas\github repos\TF2-xtrnl\TF2-xtrnl\src\Utils\Math\Math.h(25,9): error C2146: syntax error: missing ';' before identifier 'DWORD'
C:\Users\Tomas\github repos\TF2-xtrnl\TF2-xtrnl\src\Utils\Math\Math.h(25,9): error C2065: 'DWORD': undeclared identifier
C:\Users\Tomas\github repos\TF2-xtrnl\TF2-xtrnl\src\Utils\Math\Math.h(25,15): error C2146: syntax error: missing ';' before identifier 'PTR'
C:\Users\Tomas\github repos\TF2-xtrnl\TF2-xtrnl\src\Utils\Math\Math.h(25,15): error C2065: 'PTR': undeclared identifier
C:\Users\Tomas\github repos\TF2-xtrnl\TF2-xtrnl\src\Utils\Math\Math.h(25,19): error C2065: 'eax': undeclared identifier
C:\Users\Tomas\github repos\TF2-xtrnl\TF2-xtrnl\src\Utils\Math\Math.h(26,3): error C2143: syntax error: missing ';' before '}'
C:\Users\Tomas\github repos\TF2-xtrnl\TF2-xtrnl\src\Utils\Math\Math.h(29,28): error C2485: 'naked': unrecognized extended attribute
C:\Users\Tomas\github repos\TF2-xtrnl\TF2-xtrnl\src\Utils\Math\Math.h(31,3): error C4235: nonstandard extension used: '__asm' keyword not supported on this architecture
C:\Users\Tomas\github repos\TF2-xtrnl\TF2-xtrnl\src\Utils\Math\Math.h(31,8): error C2065: 'fld': undeclared identifier
C:\Users\Tomas\github repos\TF2-xtrnl\TF2-xtrnl\src\Utils\Math\Math.h(31,12): error C2146: syntax error: missing ';' before identifier 'qword'
C:\Users\Tomas\github repos\TF2-xtrnl\TF2-xtrnl\src\Utils\Math\Math.h(31,12): error C2065: 'qword': undeclared identifier
C:\Users\Tomas\github repos\TF2-xtrnl\TF2-xtrnl\src\Utils\Math\Math.h(31,18): error C2146: syntax error: missing ';' before identifier 'ptr'
C:\Users\Tomas\github repos\TF2-xtrnl\TF2-xtrnl\src\Utils\Math\Math.h(31,18): error C2065: 'ptr': undeclared identifier
C:\Users\Tomas\github repos\TF2-xtrnl\TF2-xtrnl\src\Utils\Math\Math.h(31,22): error C2065: 'esp': undeclared identifier
C:\Users\Tomas\github repos\TF2-xtrnl\TF2-xtrnl\src\Utils\Math\Math.h(32,4): error C2143: syntax error: missing ';' before '__asm'
C:\Users\Tomas\github repos\TF2-xtrnl\TF2-xtrnl\src\Utils\Math\Math.h(32,4): error C4235: nonstandard extension used: '__asm' keyword not supported on this architecture
C:\Users\Tomas\github repos\TF2-xtrnl\TF2-xtrnl\src\Utils\Math\Math.h(32,9): error C2065: 'fsqrt': undeclared identifier
C:\Users\Tomas\github repos\TF2-xtrnl\TF2-xtrnl\src\Utils\Math\Math.h(33,3): error C2143: syntax error: missing ';' before '__asm'
C:\Users\Tomas\github repos\TF2-xtrnl\TF2-xtrnl\src\Utils\Math\Math.h(33,3): error C4235: nonstandard extension used: '__asm' keyword not supported on this architecture
C:\Users\Tomas\github repos\TF2-xtrnl\TF2-xtrnl\src\Utils\Math\Math.h(33,8): error C2065: 'ret': undeclared identifier
C:\Users\Tomas\github repos\TF2-xtrnl\TF2-xtrnl\src\Utils\Math\Math.h(33,12): error C2143: syntax error: missing ';' before 'constant'
C:\Users\Tomas\github repos\TF2-xtrnl\TF2-xtrnl\src\Utils\Math\Math.h(34,2): error C2143: syntax error: missing ';' before '}'
C:\Users\Tomas\github repos\TF2-xtrnl\TF2-xtrnl\src\Utils\Process\Process.h(18,17): error C7525: inline variables require at least '/std:c++17'
C:\Users\Tomas\github repos\TF2-xtrnl\TF2-xtrnl\src\Utils\Utils.h(15,2): warning C4312: 'reinterpret_cast': conversion from 'const DWORD' to 'PVOID' of greater size
C:\Users\Tomas\github repos\TF2-xtrnl\TF2-xtrnl\src\Utils\Utils.h(20,2): warning C4312: 'reinterpret_cast': conversion from 'const DWORD' to 'PVOID' of greater size
C:\Users\Tomas\github repos\TF2-xtrnl\TF2-xtrnl\src\Utils\Utils.h(33,52): warning C4311: 'reinterpret_cast': pointer truncation from 'HMODULE' to 'DWORD'
C:\Users\Tomas\github repos\TF2-xtrnl\TF2-xtrnl\src\Utils\Utils.h(33,52): warning C4302: 'reinterpret_cast': truncation from 'HMODULE' to 'DWORD'
C:\Users\Tomas\github repos\TF2-xtrnl\TF2-xtrnl\src\SDK\Include\Offsets.h(8,2): error C7525: inline variables require at least '/std:c++17'
C:\Users\Tomas\github repos\TF2-xtrnl\TF2-xtrnl\src\SDK\Include\Offsets.h(9,2): error C7525: inline variables require at least '/std:c++17'
C:\Users\Tomas\github repos\TF2-xtrnl\TF2-xtrnl\src\SDK\Include\Offsets.h(11,2): error C7525: inline variables require at least '/std:c++17'
C:\Users\Tomas\github repos\TF2-xtrnl\TF2-xtrnl\src\SDK\Include\Offsets.h(12,2): error C7525: inline variables require at least '/std:c++17'
C:\Users\Tomas\github repos\TF2-xtrnl\TF2-xtrnl\src\SDK\Include\Offsets.h(13,2): error C7525: inline variables require at least '/std:c++17'
C:\Users\Tomas\github repos\TF2-xtrnl\TF2-xtrnl\src\SDK\Include\Offsets.h(14,2): error C7525: inline variables require at least '/std:c++17'
C:\Users\Tomas\github repos\TF2-xtrnl\TF2-xtrnl\src\SDK\Include\Offsets.h(15,2): error C7525: inline variables require at least '/std:c++17'
C:\Users\Tomas\github repos\TF2-xtrnl\TF2-xtrnl\src\SDK\Include\Offsets.h(16,2): error C7525: inline variables require at least '/std:c++17'
C:\Users\Tomas\github repos\TF2-xtrnl\TF2-xtrnl\src\SDK\Include\Offsets.h(17,2): error C7525: inline variables require at least '/std:c++17'
C:\Users\Tomas\github repos\TF2-xtrnl\TF2-xtrnl\src\SDK\Include\Offsets.h(19,2): error C7525: inline variables require at least '/std:c++17'
C:\Users\Tomas\github repos\TF2-xtrnl\TF2-xtrnl\src\SDK\Include\Offsets.h(20,2): error C7525: inline variables require at least '/std:c++17'
C:\Users\Tomas\github repos\TF2-xtrnl\TF2-xtrnl\src\SDK\Include\Offsets.h(21,2): error C7525: inline variables require at least '/std:c++17'
C:\Users\Tomas\github repos\TF2-xtrnl\TF2-xtrnl\src\SDK\Include\Offsets.h(22,2): error C7525: inline variables require at least '/std:c++17'
C:\Users\Tomas\github repos\TF2-xtrnl\TF2-xtrnl\src\SDK\Include\Offsets.h(23,2): error C7525: inline variables require at least '/std:c++17'
C:\Users\Tomas\github repos\TF2-xtrnl\TF2-xtrnl\src\SDK\Include\Offsets.h(24,2): error C7525: inline variables require at least '/std:c++17'
C:\Users\Tomas\github repos\TF2-xtrnl\TF2-xtrnl\src\SDK\Include\Client\Client.h(15,16): error C7525: inline variables require at least '/std:c++17'
C:\Users\Tomas\github repos\TF2-xtrnl\TF2-xtrnl\src\SDK\Include\Engine\Engine.h(11,16): error C7525: inline variables require at least '/std:c++17'
C:\Users\Tomas\github repos\TF2-xtrnl\TF2-xtrnl\src\SDK\Include\EntityList\EntityList.h(10,20): error C7525: inline variables require at least '/std:c++17'
C:\Users\Tomas\github repos\TF2-xtrnl\TF2-xtrnl\src\SDK\Include\EntityCache\EntityCache.h(23,21): error C7525: inline variables require at least '/std:c++17'
C:\Users\Tomas\github repos\TF2-xtrnl\TF2-xtrnl\src\Features\AutoJump\AutoJump.h(10,18): error C7525: inline variables require at least '/std:c++17'
  Glow.cpp
C:\Users\Tomas\github repos\TF2-xtrnl\TF2-xtrnl\src\Utils\Math\Math.h(16,3): error C4235: nonstandard extension used: '__asm' keyword not supported on this architecture
C:\Users\Tomas\github repos\TF2-xtrnl\TF2-xtrnl\src\Utils\Math\Math.h(18,4): error C2065: 'fld': undeclared identifier
C:\Users\Tomas\github repos\TF2-xtrnl\TF2-xtrnl\src\Utils\Math\Math.h(18,9): error C2146: syntax error: missing ';' before identifier 'DWORD'
C:\Users\Tomas\github repos\TF2-xtrnl\TF2-xtrnl\src\Utils\Math\Math.h(18,9): error C2065: 'DWORD': undeclared identifier
C:\Users\Tomas\github repos\TF2-xtrnl\TF2-xtrnl\src\Utils\Math\Math.h(18,15): error C2146: syntax error: missing ';' before identifier 'PTR'
C:\Users\Tomas\github repos\TF2-xtrnl\TF2-xtrnl\src\Utils\Math\Math.h(18,15): error C2065: 'PTR': undeclared identifier
C:\Users\Tomas\github repos\TF2-xtrnl\TF2-xtrnl\src\Utils\Math\Math.h(19,4): error C2146: syntax error: missing ';' before identifier 'fsincos'
C:\Users\Tomas\github repos\TF2-xtrnl\TF2-xtrnl\src\Utils\Math\Math.h(19,4): error C2065: 'fsincos': undeclared identifier
C:\Users\Tomas\github repos\TF2-xtrnl\TF2-xtrnl\src\Utils\Math\Math.h(21,4): error C2146: syntax error: missing ';' before identifier 'mov'
C:\Users\Tomas\github repos\TF2-xtrnl\TF2-xtrnl\src\Utils\Math\Math.h(21,4): error C2065: 'mov': undeclared identifier
C:\Users\Tomas\github repos\TF2-xtrnl\TF2-xtrnl\src\Utils\Math\Math.h(21,8): error C2146: syntax error: missing ';' before identifier 'edx'
C:\Users\Tomas\github repos\TF2-xtrnl\TF2-xtrnl\src\Utils\Math\Math.h(21,8): error C2065: 'edx': undeclared identifier
C:\Users\Tomas\github repos\TF2-xtrnl\TF2-xtrnl\src\Utils\Math\Math.h(21,13): error C2065: 'DWORD': undeclared identifier
C:\Users\Tomas\github repos\TF2-xtrnl\TF2-xtrnl\src\Utils\Math\Math.h(21,19): error C2146: syntax error: missing ';' before identifier 'PTR'
C:\Users\Tomas\github repos\TF2-xtrnl\TF2-xtrnl\src\Utils\Math\Math.h(21,19): error C2065: 'PTR': undeclared identifier
C:\Users\Tomas\github repos\TF2-xtrnl\TF2-xtrnl\src\Utils\Math\Math.h(22,4): error C2146: syntax error: missing ';' before identifier 'mov'
C:\Users\Tomas\github repos\TF2-xtrnl\TF2-xtrnl\src\Utils\Math\Math.h(22,4): error C2065: 'mov': undeclared identifier
C:\Users\Tomas\github repos\TF2-xtrnl\TF2-xtrnl\src\Utils\Math\Math.h(22,8): error C2146: syntax error: missing ';' before identifier 'eax'
C:\Users\Tomas\github repos\TF2-xtrnl\TF2-xtrnl\src\Utils\Math\Math.h(22,8): error C2065: 'eax': undeclared identifier
C:\Users\Tomas\github repos\TF2-xtrnl\TF2-xtrnl\src\Utils\Math\Math.h(22,13): error C2065: 'DWORD': undeclared identifier
C:\Users\Tomas\github repos\TF2-xtrnl\TF2-xtrnl\src\Utils\Math\Math.h(22,19): error C2146: syntax error: missing ';' before identifier 'PTR'
C:\Users\Tomas\github repos\TF2-xtrnl\TF2-xtrnl\src\Utils\Math\Math.h(22,19): error C2065: 'PTR': undeclared identifier
C:\Users\Tomas\github repos\TF2-xtrnl\TF2-xtrnl\src\Utils\Math\Math.h(24,4): error C2146: syntax error: missing ';' before identifier 'fstp'
C:\Users\Tomas\github repos\TF2-xtrnl\TF2-xtrnl\src\Utils\Math\Math.h(24,4): error C2065: 'fstp': undeclared identifier
C:\Users\Tomas\github repos\TF2-xtrnl\TF2-xtrnl\src\Utils\Math\Math.h(24,9): error C2146: syntax error: missing ';' before identifier 'DWORD'
C:\Users\Tomas\github repos\TF2-xtrnl\TF2-xtrnl\src\Utils\Math\Math.h(24,9): error C2065: 'DWORD': undeclared identifier
C:\Users\Tomas\github repos\TF2-xtrnl\TF2-xtrnl\src\Utils\Math\Math.h(24,15): error C2146: syntax error: missing ';' before identifier 'PTR'
C:\Users\Tomas\github repos\TF2-xtrnl\TF2-xtrnl\src\Utils\Math\Math.h(24,15): error C2065: 'PTR': undeclared identifier
C:\Users\Tomas\github repos\TF2-xtrnl\TF2-xtrnl\src\Utils\Math\Math.h(24,19): error C2065: 'edx': undeclared identifier
C:\Users\Tomas\github repos\TF2-xtrnl\TF2-xtrnl\src\Utils\Math\Math.h(25,4): error C2146: syntax error: missing ';' before identifier 'fstp'
C:\Users\Tomas\github repos\TF2-xtrnl\TF2-xtrnl\src\Utils\Math\Math.h(25,4): error C2065: 'fstp': undeclared identifier
C:\Users\Tomas\github repos\TF2-xtrnl\TF2-xtrnl\src\Utils\Math\Math.h(25,9): error C2146: syntax error: missing ';' before identifier 'DWORD'
C:\Users\Tomas\github repos\TF2-xtrnl\TF2-xtrnl\src\Utils\Math\Math.h(25,9): error C2065: 'DWORD': undeclared identifier
C:\Users\Tomas\github repos\TF2-xtrnl\TF2-xtrnl\src\Utils\Math\Math.h(25,15): error C2146: syntax error: missing ';' before identifier 'PTR'
C:\Users\Tomas\github repos\TF2-xtrnl\TF2-xtrnl\src\Utils\Math\Math.h(25,15): error C2065: 'PTR': undeclared identifier
C:\Users\Tomas\github repos\TF2-xtrnl\TF2-xtrnl\src\Utils\Math\Math.h(25,19): error C2065: 'eax': undeclared identifier
C:\Users\Tomas\github repos\TF2-xtrnl\TF2-xtrnl\src\Utils\Math\Math.h(26,3): error C2143: syntax error: missing ';' before '}'
C:\Users\Tomas\github repos\TF2-xtrnl\TF2-xtrnl\src\Utils\Math\Math.h(29,28): error C2485: 'naked': unrecognized extended attribute
C:\Users\Tomas\github repos\TF2-xtrnl\TF2-xtrnl\src\Utils\Math\Math.h(31,3): error C4235: nonstandard extension used: '__asm' keyword not supported on this architecture
C:\Users\Tomas\github repos\TF2-xtrnl\TF2-xtrnl\src\Utils\Math\Math.h(31,8): error C2065: 'fld': undeclared identifier
C:\Users\Tomas\github repos\TF2-xtrnl\TF2-xtrnl\src\Utils\Math\Math.h(31,12): error C2146: syntax error: missing ';' before identifier 'qword'
C:\Users\Tomas\github repos\TF2-xtrnl\TF2-xtrnl\src\Utils\Math\Math.h(31,12): error C2065: 'qword': undeclared identifier
C:\Users\Tomas\github repos\TF2-xtrnl\TF2-xtrnl\src\Utils\Math\Math.h(31,18): error C2146: syntax error: missing ';' before identifier 'ptr'
C:\Users\Tomas\github repos\TF2-xtrnl\TF2-xtrnl\src\Utils\Math\Math.h(31,18): error C2065: 'ptr': undeclared identifier
C:\Users\Tomas\github repos\TF2-xtrnl\TF2-xtrnl\src\Utils\Math\Math.h(31,22): error C2065: 'esp': undeclared identifier
C:\Users\Tomas\github repos\TF2-xtrnl\TF2-xtrnl\src\Utils\Math\Math.h(32,4): error C2143: syntax error: missing ';' before '__asm'
C:\Users\Tomas\github repos\TF2-xtrnl\TF2-xtrnl\src\Utils\Math\Math.h(32,4): error C4235: nonstandard extension used: '__asm' keyword not supported on this architecture
C:\Users\Tomas\github repos\TF2-xtrnl\TF2-xtrnl\src\Utils\Math\Math.h(32,9): error C2065: 'fsqrt': undeclared identifier
C:\Users\Tomas\github repos\TF2-xtrnl\TF2-xtrnl\src\Utils\Math\Math.h(33,3): error C2143: syntax error: missing ';' before '__asm'
C:\Users\Tomas\github repos\TF2-xtrnl\TF2-xtrnl\src\Utils\Math\Math.h(33,3): error C4235: nonstandard extension used: '__asm' keyword not supported on this architecture
C:\Users\Tomas\github repos\TF2-xtrnl\TF2-xtrnl\src\Utils\Math\Math.h(33,8): error C2065: 'ret': undeclared identifier
C:\Users\Tomas\github repos\TF2-xtrnl\TF2-xtrnl\src\Utils\Math\Math.h(33,12): error C2143: syntax error: missing ';' before 'constant'
C:\Users\Tomas\github repos\TF2-xtrnl\TF2-xtrnl\src\Utils\Math\Math.h(34,2): error C2143: syntax error: missing ';' before '}'
C:\Users\Tomas\github repos\TF2-xtrnl\TF2-xtrnl\src\Utils\Process\Process.h(18,17): error C7525: inline variables require at least '/std:c++17'
C:\Users\Tomas\github repos\TF2-xtrnl\TF2-xtrnl\src\Utils\Utils.h(15,2): warning C4312: 'reinterpret_cast': conversion from 'const DWORD' to 'PVOID' of greater size
C:\Users\Tomas\github repos\TF2-xtrnl\TF2-xtrnl\src\Utils\Utils.h(20,2): warning C4312: 'reinterpret_cast': conversion from 'const DWORD' to 'PVOID' of greater size
C:\Users\Tomas\github repos\TF2-xtrnl\TF2-xtrnl\src\Utils\Utils.h(33,52): warning C4311: 'reinterpret_cast': pointer truncation from 'HMODULE' to 'DWORD'
C:\Users\Tomas\github repos\TF2-xtrnl\TF2-xtrnl\src\Utils\Utils.h(33,52): warning C4302: 'reinterpret_cast': truncation from 'HMODULE' to 'DWORD'
C:\Users\Tomas\github repos\TF2-xtrnl\TF2-xtrnl\src\SDK\Include\Offsets.h(8,2): error C7525: inline variables require at least '/std:c++17'
C:\Users\Tomas\github repos\TF2-xtrnl\TF2-xtrnl\src\SDK\Include\Offsets.h(9,2): error C7525: inline variables require at least '/std:c++17'
C:\Users\Tomas\github repos\TF2-xtrnl\TF2-xtrnl\src\SDK\Include\Offsets.h(11,2): error C7525: inline variables require at least '/std:c++17'
C:\Users\Tomas\github repos\TF2-xtrnl\TF2-xtrnl\src\SDK\Include\Offsets.h(12,2): error C7525: inline variables require at least '/std:c++17'
C:\Users\Tomas\github repos\TF2-xtrnl\TF2-xtrnl\src\SDK\Include\Offsets.h(13,2): error C7525: inline variables require at least '/std:c++17'
C:\Users\Tomas\github repos\TF2-xtrnl\TF2-xtrnl\src\SDK\Include\Offsets.h(14,2): error C7525: inline variables require at least '/std:c++17'
C:\Users\Tomas\github repos\TF2-xtrnl\TF2-xtrnl\src\SDK\Include\Offsets.h(15,2): error C7525: inline variables require at least '/std:c++17'
C:\Users\Tomas\github repos\TF2-xtrnl\TF2-xtrnl\src\SDK\Include\Offsets.h(16,2): error C7525: inline variables require at least '/std:c++17'
C:\Users\Tomas\github repos\TF2-xtrnl\TF2-xtrnl\src\SDK\Include\Offsets.h(17,2): error C7525: inline variables require at least '/std:c++17'
C:\Users\Tomas\github repos\TF2-xtrnl\TF2-xtrnl\src\SDK\Include\Offsets.h(19,2): error C7525: inline variables require at least '/std:c++17'
C:\Users\Tomas\github repos\TF2-xtrnl\TF2-xtrnl\src\SDK\Include\Offsets.h(20,2): error C7525: inline variables require at least '/std:c++17'
C:\Users\Tomas\github repos\TF2-xtrnl\TF2-xtrnl\src\SDK\Include\Offsets.h(21,2): error C7525: inline variables require at least '/std:c++17'
C:\Users\Tomas\github repos\TF2-xtrnl\TF2-xtrnl\src\SDK\Include\Offsets.h(22,2): error C7525: inline variables require at least '/std:c++17'
C:\Users\Tomas\github repos\TF2-xtrnl\TF2-xtrnl\src\SDK\Include\Offsets.h(23,2): error C7525: inline variables require at least '/std:c++17'
C:\Users\Tomas\github repos\TF2-xtrnl\TF2-xtrnl\src\SDK\Include\Offsets.h(24,2): error C7525: inline variables require at least '/std:c++17'
C:\Users\Tomas\github repos\TF2-xtrnl\TF2-xtrnl\src\SDK\Include\Client\Client.h(15,16): error C7525: inline variables require at least '/std:c++17'
C:\Users\Tomas\github repos\TF2-xtrnl\TF2-xtrnl\src\SDK\Include\Engine\Engine.h(11,16): error C7525: inline variables require at least '/std:c++17'
C:\Users\Tomas\github repos\TF2-xtrnl\TF2-xtrnl\src\SDK\Include\EntityList\EntityList.h(10,20): error C7525: inline variables require at least '/std:c++17'
C:\Users\Tomas\github repos\TF2-xtrnl\TF2-xtrnl\src\SDK\Include\EntityCache\EntityCache.h(23,21): error C7525: inline variables require at least '/std:c++17'
C:\Users\Tomas\github repos\TF2-xtrnl\TF2-xtrnl\src\Features\Glow\Glow.h(18,14): error C7525: inline variables require at least '/std:c++17'
  Main.cpp
C:\Users\Tomas\github repos\TF2-xtrnl\TF2-xtrnl\src\Utils\Math\Math.h(16,3): error C4235: nonstandard extension used: '__asm' keyword not supported on this architecture
C:\Users\Tomas\github repos\TF2-xtrnl\TF2-xtrnl\src\Utils\Math\Math.h(18,4): error C2065: 'fld': undeclared identifier
C:\Users\Tomas\github repos\TF2-xtrnl\TF2-xtrnl\src\Utils\Math\Math.h(18,9): error C2146: syntax error: missing ';' before identifier 'DWORD'
C:\Users\Tomas\github repos\TF2-xtrnl\TF2-xtrnl\src\Utils\Math\Math.h(18,9): error C2065: 'DWORD': undeclared identifier
C:\Users\Tomas\github repos\TF2-xtrnl\TF2-xtrnl\src\Utils\Math\Math.h(18,15): error C2146: syntax error: missing ';' before identifier 'PTR'
C:\Users\Tomas\github repos\TF2-xtrnl\TF2-xtrnl\src\Utils\Math\Math.h(18,15): error C2065: 'PTR': undeclared identifier
C:\Users\Tomas\github repos\TF2-xtrnl\TF2-xtrnl\src\Utils\Math\Math.h(19,4): error C2146: syntax error: missing ';' before identifier 'fsincos'
C:\Users\Tomas\github repos\TF2-xtrnl\TF2-xtrnl\src\Utils\Math\Math.h(19,4): error C2065: 'fsincos': undeclared identifier
C:\Users\Tomas\github repos\TF2-xtrnl\TF2-xtrnl\src\Utils\Math\Math.h(21,4): error C2146: syntax error: missing ';' before identifier 'mov'
C:\Users\Tomas\github repos\TF2-xtrnl\TF2-xtrnl\src\Utils\Math\Math.h(21,4): error C2065: 'mov': undeclared identifier
C:\Users\Tomas\github repos\TF2-xtrnl\TF2-xtrnl\src\Utils\Math\Math.h(21,8): error C2146: syntax error: missing ';' before identifier 'edx'
C:\Users\Tomas\github repos\TF2-xtrnl\TF2-xtrnl\src\Utils\Math\Math.h(21,8): error C2065: 'edx': undeclared identifier
C:\Users\Tomas\github repos\TF2-xtrnl\TF2-xtrnl\src\Utils\Math\Math.h(21,13): error C2065: 'DWORD': undeclared identifier
C:\Users\Tomas\github repos\TF2-xtrnl\TF2-xtrnl\src\Utils\Math\Math.h(21,19): error C2146: syntax error: missing ';' before identifier 'PTR'
C:\Users\Tomas\github repos\TF2-xtrnl\TF2-xtrnl\src\Utils\Math\Math.h(21,19): error C2065: 'PTR': undeclared identifier
C:\Users\Tomas\github repos\TF2-xtrnl\TF2-xtrnl\src\Utils\Math\Math.h(22,4): error C2146: syntax error: missing ';' before identifier 'mov'
C:\Users\Tomas\github repos\TF2-xtrnl\TF2-xtrnl\src\Utils\Math\Math.h(22,4): error C2065: 'mov': undeclared identifier
C:\Users\Tomas\github repos\TF2-xtrnl\TF2-xtrnl\src\Utils\Math\Math.h(22,8): error C2146: syntax error: missing ';' before identifier 'eax'
C:\Users\Tomas\github repos\TF2-xtrnl\TF2-xtrnl\src\Utils\Math\Math.h(22,8): error C2065: 'eax': undeclared identifier
C:\Users\Tomas\github repos\TF2-xtrnl\TF2-xtrnl\src\Utils\Math\Math.h(22,13): error C2065: 'DWORD': undeclared identifier
C:\Users\Tomas\github repos\TF2-xtrnl\TF2-xtrnl\src\Utils\Math\Math.h(22,19): error C2146: syntax error: missing ';' before identifier 'PTR'
C:\Users\Tomas\github repos\TF2-xtrnl\TF2-xtrnl\src\Utils\Math\Math.h(22,19): error C2065: 'PTR': undeclared identifier
C:\Users\Tomas\github repos\TF2-xtrnl\TF2-xtrnl\src\Utils\Math\Math.h(24,4): error C2146: syntax error: missing ';' before identifier 'fstp'
C:\Users\Tomas\github repos\TF2-xtrnl\TF2-xtrnl\src\Utils\Math\Math.h(24,4): error C2065: 'fstp': undeclared identifier
C:\Users\Tomas\github repos\TF2-xtrnl\TF2-xtrnl\src\Utils\Math\Math.h(24,9): error C2146: syntax error: missing ';' before identifier 'DWORD'
C:\Users\Tomas\github repos\TF2-xtrnl\TF2-xtrnl\src\Utils\Math\Math.h(24,9): error C2065: 'DWORD': undeclared identifier
C:\Users\Tomas\github repos\TF2-xtrnl\TF2-xtrnl\src\Utils\Math\Math.h(24,15): error C2146: syntax error: missing ';' before identifier 'PTR'
C:\Users\Tomas\github repos\TF2-xtrnl\TF2-xtrnl\src\Utils\Math\Math.h(24,15): error C2065: 'PTR': undeclared identifier
C:\Users\Tomas\github repos\TF2-xtrnl\TF2-xtrnl\src\Utils\Math\Math.h(24,19): error C2065: 'edx': undeclared identifier
C:\Users\Tomas\github repos\TF2-xtrnl\TF2-xtrnl\src\Utils\Math\Math.h(25,4): error C2146: syntax error: missing ';' before identifier 'fstp'
C:\Users\Tomas\github repos\TF2-xtrnl\TF2-xtrnl\src\Utils\Math\Math.h(25,4): error C2065: 'fstp': undeclared identifier
C:\Users\Tomas\github repos\TF2-xtrnl\TF2-xtrnl\src\Utils\Math\Math.h(25,9): error C2146: syntax error: missing ';' before identifier 'DWORD'
C:\Users\Tomas\github repos\TF2-xtrnl\TF2-xtrnl\src\Utils\Math\Math.h(25,9): error C2065: 'DWORD': undeclared identifier
C:\Users\Tomas\github repos\TF2-xtrnl\TF2-xtrnl\src\Utils\Math\Math.h(25,15): error C2146: syntax error: missing ';' before identifier 'PTR'
C:\Users\Tomas\github repos\TF2-xtrnl\TF2-xtrnl\src\Utils\Math\Math.h(25,15): error C2065: 'PTR': undeclared identifier
C:\Users\Tomas\github repos\TF2-xtrnl\TF2-xtrnl\src\Utils\Math\Math.h(25,19): error C2065: 'eax': undeclared identifier
C:\Users\Tomas\github repos\TF2-xtrnl\TF2-xtrnl\src\Utils\Math\Math.h(26,3): error C2143: syntax error: missing ';' before '}'
C:\Users\Tomas\github repos\TF2-xtrnl\TF2-xtrnl\src\Utils\Math\Math.h(29,28): error C2485: 'naked': unrecognized extended attribute
C:\Users\Tomas\github repos\TF2-xtrnl\TF2-xtrnl\src\Utils\Math\Math.h(31,3): error C4235: nonstandard extension used: '__asm' keyword not supported on this architecture
C:\Users\Tomas\github repos\TF2-xtrnl\TF2-xtrnl\src\Utils\Math\Math.h(31,8): error C2065: 'fld': undeclared identifier
C:\Users\Tomas\github repos\TF2-xtrnl\TF2-xtrnl\src\Utils\Math\Math.h(31,12): error C2146: syntax error: missing ';' before identifier 'qword'
C:\Users\Tomas\github repos\TF2-xtrnl\TF2-xtrnl\src\Utils\Math\Math.h(31,12): error C2065: 'qword': undeclared identifier
C:\Users\Tomas\github repos\TF2-xtrnl\TF2-xtrnl\src\Utils\Math\Math.h(31,18): error C2146: syntax error: missing ';' before identifier 'ptr'
C:\Users\Tomas\github repos\TF2-xtrnl\TF2-xtrnl\src\Utils\Math\Math.h(31,18): error C2065: 'ptr': undeclared identifier
C:\Users\Tomas\github repos\TF2-xtrnl\TF2-xtrnl\src\Utils\Math\Math.h(31,22): error C2065: 'esp': undeclared identifier
C:\Users\Tomas\github repos\TF2-xtrnl\TF2-xtrnl\src\Utils\Math\Math.h(32,4): error C2143: syntax error: missing ';' before '__asm'
C:\Users\Tomas\github repos\TF2-xtrnl\TF2-xtrnl\src\Utils\Math\Math.h(32,4): error C4235: nonstandard extension used: '__asm' keyword not supported on this architecture
C:\Users\Tomas\github repos\TF2-xtrnl\TF2-xtrnl\src\Utils\Math\Math.h(32,9): error C2065: 'fsqrt': undeclared identifier
C:\Users\Tomas\github repos\TF2-xtrnl\TF2-xtrnl\src\Utils\Math\Math.h(33,3): error C2143: syntax error: missing ';' before '__asm'
C:\Users\Tomas\github repos\TF2-xtrnl\TF2-xtrnl\src\Utils\Math\Math.h(33,3): error C4235: nonstandard extension used: '__asm' keyword not supported on this architecture
C:\Users\Tomas\github repos\TF2-xtrnl\TF2-xtrnl\src\Utils\Math\Math.h(33,8): error C2065: 'ret': undeclared identifier
C:\Users\Tomas\github repos\TF2-xtrnl\TF2-xtrnl\src\Utils\Math\Math.h(33,12): error C2143: syntax error: missing ';' before 'constant'
C:\Users\Tomas\github repos\TF2-xtrnl\TF2-xtrnl\src\Utils\Math\Math.h(34,2): error C2143: syntax error: missing ';' before '}'
C:\Users\Tomas\github repos\TF2-xtrnl\TF2-xtrnl\src\Utils\Process\Process.h(18,17): error C7525: inline variables require at least '/std:c++17'
C:\Users\Tomas\github repos\TF2-xtrnl\TF2-xtrnl\src\Utils\Utils.h(15,2): warning C4312: 'reinterpret_cast': conversion from 'const DWORD' to 'PVOID' of greater size
C:\Users\Tomas\github repos\TF2-xtrnl\TF2-xtrnl\src\Utils\Utils.h(20,2): warning C4312: 'reinterpret_cast': conversion from 'const DWORD' to 'PVOID' of greater size
C:\Users\Tomas\github repos\TF2-xtrnl\TF2-xtrnl\src\Utils\Utils.h(33,52): warning C4311: 'reinterpret_cast': pointer truncation from 'HMODULE' to 'DWORD'
C:\Users\Tomas\github repos\TF2-xtrnl\TF2-xtrnl\src\Utils\Utils.h(33,52): warning C4302: 'reinterpret_cast': truncation from 'HMODULE' to 'DWORD'
C:\Users\Tomas\github repos\TF2-xtrnl\TF2-xtrnl\src\SDK\Include\Offsets.h(8,2): error C7525: inline variables require at least '/std:c++17'
C:\Users\Tomas\github repos\TF2-xtrnl\TF2-xtrnl\src\SDK\Include\Offsets.h(9,2): error C7525: inline variables require at least '/std:c++17'
C:\Users\Tomas\github repos\TF2-xtrnl\TF2-xtrnl\src\SDK\Include\Offsets.h(11,2): error C7525: inline variables require at least '/std:c++17'
C:\Users\Tomas\github repos\TF2-xtrnl\TF2-xtrnl\src\SDK\Include\Offsets.h(12,2): error C7525: inline variables require at least '/std:c++17'
C:\Users\Tomas\github repos\TF2-xtrnl\TF2-xtrnl\src\SDK\Include\Offsets.h(13,2): error C7525: inline variables require at least '/std:c++17'
C:\Users\Tomas\github repos\TF2-xtrnl\TF2-xtrnl\src\SDK\Include\Offsets.h(14,2): error C7525: inline variables require at least '/std:c++17'
C:\Users\Tomas\github repos\TF2-xtrnl\TF2-xtrnl\src\SDK\Include\Offsets.h(15,2): error C7525: inline variables require at least '/std:c++17'
C:\Users\Tomas\github repos\TF2-xtrnl\TF2-xtrnl\src\SDK\Include\Offsets.h(16,2): error C7525: inline variables require at least '/std:c++17'
C:\Users\Tomas\github repos\TF2-xtrnl\TF2-xtrnl\src\SDK\Include\Offsets.h(17,2): error C7525: inline variables require at least '/std:c++17'
C:\Users\Tomas\github repos\TF2-xtrnl\TF2-xtrnl\src\SDK\Include\Offsets.h(19,2): error C7525: inline variables require at least '/std:c++17'
C:\Users\Tomas\github repos\TF2-xtrnl\TF2-xtrnl\src\SDK\Include\Offsets.h(20,2): error C7525: inline variables require at least '/std:c++17'
C:\Users\Tomas\github repos\TF2-xtrnl\TF2-xtrnl\src\SDK\Include\Offsets.h(21,2): error C7525: inline variables require at least '/std:c++17'
C:\Users\Tomas\github repos\TF2-xtrnl\TF2-xtrnl\src\SDK\Include\Offsets.h(22,2): error C7525: inline variables require at least '/std:c++17'
C:\Users\Tomas\github repos\TF2-xtrnl\TF2-xtrnl\src\SDK\Include\Offsets.h(23,2): error C7525: inline variables require at least '/std:c++17'
C:\Users\Tomas\github repos\TF2-xtrnl\TF2-xtrnl\src\SDK\Include\Offsets.h(24,2): error C7525: inline variables require at least '/std:c++17'
C:\Users\Tomas\github repos\TF2-xtrnl\TF2-xtrnl\src\SDK\Include\Client\Client.h(15,16): error C7525: inline variables require at least '/std:c++17'
C:\Users\Tomas\github repos\TF2-xtrnl\TF2-xtrnl\src\SDK\Include\Engine\Engine.h(11,16): error C7525: inline variables require at least '/std:c++17'
C:\Users\Tomas\github repos\TF2-xtrnl\TF2-xtrnl\src\SDK\Include\EntityList\EntityList.h(10,20): error C7525: inline variables require at least '/std:c++17'
C:\Users\Tomas\github repos\TF2-xtrnl\TF2-xtrnl\src\SDK\Include\EntityCache\EntityCache.h(23,21): error C7525: inline variables require at least '/std:c++17'
C:\Users\Tomas\github repos\TF2-xtrnl\TF2-xtrnl\src\Features\AutoJump\AutoJump.h(10,18): error C7525: inline variables require at least '/std:c++17'
C:\Users\Tomas\github repos\TF2-xtrnl\TF2-xtrnl\src\Features\Glow\Glow.h(18,14): error C7525: inline variables require at least '/std:c++17'
C:\Users\Tomas\github repos\TF2-xtrnl\TF2-xtrnl\src\Features\Aimbot\Aimbot.h(23,16): error C7525: inline variables require at least '/std:c++17'
  Client.cpp
C:\Users\Tomas\github repos\TF2-xtrnl\TF2-xtrnl\src\Utils\Math\Math.h(16,3): error C4235: nonstandard extension used: '__asm' keyword not supported on this architecture
C:\Users\Tomas\github repos\TF2-xtrnl\TF2-xtrnl\src\Utils\Math\Math.h(18,4): error C2065: 'fld': undeclared identifier
C:\Users\Tomas\github repos\TF2-xtrnl\TF2-xtrnl\src\Utils\Math\Math.h(18,9): error C2146: syntax error: missing ';' before identifier 'DWORD'
C:\Users\Tomas\github repos\TF2-xtrnl\TF2-xtrnl\src\Utils\Math\Math.h(18,9): error C2065: 'DWORD': undeclared identifier
C:\Users\Tomas\github repos\TF2-xtrnl\TF2-xtrnl\src\Utils\Math\Math.h(18,15): error C2146: syntax error: missing ';' before identifier 'PTR'
C:\Users\Tomas\github repos\TF2-xtrnl\TF2-xtrnl\src\Utils\Math\Math.h(18,15): error C2065: 'PTR': undeclared identifier
C:\Users\Tomas\github repos\TF2-xtrnl\TF2-xtrnl\src\Utils\Math\Math.h(19,4): error C2146: syntax error: missing ';' before identifier 'fsincos'
C:\Users\Tomas\github repos\TF2-xtrnl\TF2-xtrnl\src\Utils\Math\Math.h(19,4): error C2065: 'fsincos': undeclared identifier
C:\Users\Tomas\github repos\TF2-xtrnl\TF2-xtrnl\src\Utils\Math\Math.h(21,4): error C2146: syntax error: missing ';' before identifier 'mov'
C:\Users\Tomas\github repos\TF2-xtrnl\TF2-xtrnl\src\Utils\Math\Math.h(21,4): error C2065: 'mov': undeclared identifier
C:\Users\Tomas\github repos\TF2-xtrnl\TF2-xtrnl\src\Utils\Math\Math.h(21,8): error C2146: syntax error: missing ';' before identifier 'edx'
C:\Users\Tomas\github repos\TF2-xtrnl\TF2-xtrnl\src\Utils\Math\Math.h(21,8): error C2065: 'edx': undeclared identifier
C:\Users\Tomas\github repos\TF2-xtrnl\TF2-xtrnl\src\Utils\Math\Math.h(21,13): error C2065: 'DWORD': undeclared identifier
C:\Users\Tomas\github repos\TF2-xtrnl\TF2-xtrnl\src\Utils\Math\Math.h(21,19): error C2146: syntax error: missing ';' before identifier 'PTR'
C:\Users\Tomas\github repos\TF2-xtrnl\TF2-xtrnl\src\Utils\Math\Math.h(21,19): error C2065: 'PTR': undeclared identifier
C:\Users\Tomas\github repos\TF2-xtrnl\TF2-xtrnl\src\Utils\Math\Math.h(22,4): error C2146: syntax error: missing ';' before identifier 'mov'
C:\Users\Tomas\github repos\TF2-xtrnl\TF2-xtrnl\src\Utils\Math\Math.h(22,4): error C2065: 'mov': undeclared identifier
C:\Users\Tomas\github repos\TF2-xtrnl\TF2-xtrnl\src\Utils\Math\Math.h(22,8): error C2146: syntax error: missing ';' before identifier 'eax'
C:\Users\Tomas\github repos\TF2-xtrnl\TF2-xtrnl\src\Utils\Math\Math.h(22,8): error C2065: 'eax': undeclared identifier
C:\Users\Tomas\github repos\TF2-xtrnl\TF2-xtrnl\src\Utils\Math\Math.h(22,13): error C2065: 'DWORD': undeclared identifier
C:\Users\Tomas\github repos\TF2-xtrnl\TF2-xtrnl\src\Utils\Math\Math.h(22,19): error C2146: syntax error: missing ';' before identifier 'PTR'
C:\Users\Tomas\github repos\TF2-xtrnl\TF2-xtrnl\src\Utils\Math\Math.h(22,19): error C2065: 'PTR': undeclared identifier
C:\Users\Tomas\github repos\TF2-xtrnl\TF2-xtrnl\src\Utils\Math\Math.h(24,4): error C2146: syntax error: missing ';' before identifier 'fstp'
C:\Users\Tomas\github repos\TF2-xtrnl\TF2-xtrnl\src\Utils\Math\Math.h(24,4): error C2065: 'fstp': undeclared identifier
C:\Users\Tomas\github repos\TF2-xtrnl\TF2-xtrnl\src\Utils\Math\Math.h(24,9): error C2146: syntax error: missing ';' before identifier 'DWORD'
C:\Users\Tomas\github repos\TF2-xtrnl\TF2-xtrnl\src\Utils\Math\Math.h(24,9): error C2065: 'DWORD': undeclared identifier
C:\Users\Tomas\github repos\TF2-xtrnl\TF2-xtrnl\src\Utils\Math\Math.h(24,15): error C2146: syntax error: missing ';' before identifier 'PTR'
C:\Users\Tomas\github repos\TF2-xtrnl\TF2-xtrnl\src\Utils\Math\Math.h(24,15): error C2065: 'PTR': undeclared identifier
C:\Users\Tomas\github repos\TF2-xtrnl\TF2-xtrnl\src\Utils\Math\Math.h(24,19): error C2065: 'edx': undeclared identifier
C:\Users\Tomas\github repos\TF2-xtrnl\TF2-xtrnl\src\Utils\Math\Math.h(25,4): error C2146: syntax error: missing ';' before identifier 'fstp'
C:\Users\Tomas\github repos\TF2-xtrnl\TF2-xtrnl\src\Utils\Math\Math.h(25,4): error C2065: 'fstp': undeclared identifier
C:\Users\Tomas\github repos\TF2-xtrnl\TF2-xtrnl\src\Utils\Math\Math.h(25,9): error C2146: syntax error: missing ';' before identifier 'DWORD'
C:\Users\Tomas\github repos\TF2-xtrnl\TF2-xtrnl\src\Utils\Math\Math.h(25,9): error C2065: 'DWORD': undeclared identifier
C:\Users\Tomas\github repos\TF2-xtrnl\TF2-xtrnl\src\Utils\Math\Math.h(25,15): error C2146: syntax error: missing ';' before identifier 'PTR'
C:\Users\Tomas\github repos\TF2-xtrnl\TF2-xtrnl\src\Utils\Math\Math.h(25,15): error C2065: 'PTR': undeclared identifier
C:\Users\Tomas\github repos\TF2-xtrnl\TF2-xtrnl\src\Utils\Math\Math.h(25,19): error C2065: 'eax': undeclared identifier
C:\Users\Tomas\github repos\TF2-xtrnl\TF2-xtrnl\src\Utils\Math\Math.h(26,3): error C2143: syntax error: missing ';' before '}'
C:\Users\Tomas\github repos\TF2-xtrnl\TF2-xtrnl\src\Utils\Math\Math.h(29,28): error C2485: 'naked': unrecognized extended attribute
C:\Users\Tomas\github repos\TF2-xtrnl\TF2-xtrnl\src\Utils\Math\Math.h(31,3): error C4235: nonstandard extension used: '__asm' keyword not supported on this architecture
C:\Users\Tomas\github repos\TF2-xtrnl\TF2-xtrnl\src\Utils\Math\Math.h(31,8): error C2065: 'fld': undeclared identifier
C:\Users\Tomas\github repos\TF2-xtrnl\TF2-xtrnl\src\Utils\Math\Math.h(31,12): error C2146: syntax error: missing ';' before identifier 'qword'
C:\Users\Tomas\github repos\TF2-xtrnl\TF2-xtrnl\src\Utils\Math\Math.h(31,12): error C2065: 'qword': undeclared identifier
C:\Users\Tomas\github repos\TF2-xtrnl\TF2-xtrnl\src\Utils\Math\Math.h(31,18): error C2146: syntax error: missing ';' before identifier 'ptr'
C:\Users\Tomas\github repos\TF2-xtrnl\TF2-xtrnl\src\Utils\Math\Math.h(31,18): error C2065: 'ptr': undeclared identifier
C:\Users\Tomas\github repos\TF2-xtrnl\TF2-xtrnl\src\Utils\Math\Math.h(31,22): error C2065: 'esp': undeclared identifier
C:\Users\Tomas\github repos\TF2-xtrnl\TF2-xtrnl\src\Utils\Math\Math.h(32,4): error C2143: syntax error: missing ';' before '__asm'
C:\Users\Tomas\github repos\TF2-xtrnl\TF2-xtrnl\src\Utils\Math\Math.h(32,4): error C4235: nonstandard extension used: '__asm' keyword not supported on this architecture
C:\Users\Tomas\github repos\TF2-xtrnl\TF2-xtrnl\src\Utils\Math\Math.h(32,9): error C2065: 'fsqrt': undeclared identifier
C:\Users\Tomas\github repos\TF2-xtrnl\TF2-xtrnl\src\Utils\Math\Math.h(33,3): error C2143: syntax error: missing ';' before '__asm'
C:\Users\Tomas\github repos\TF2-xtrnl\TF2-xtrnl\src\Utils\Math\Math.h(33,3): error C4235: nonstandard extension used: '__asm' keyword not supported on this architecture
C:\Users\Tomas\github repos\TF2-xtrnl\TF2-xtrnl\src\Utils\Math\Math.h(33,8): error C2065: 'ret': undeclared identifier
C:\Users\Tomas\github repos\TF2-xtrnl\TF2-xtrnl\src\Utils\Math\Math.h(33,12): error C2143: syntax error: missing ';' before 'constant'
C:\Users\Tomas\github repos\TF2-xtrnl\TF2-xtrnl\src\Utils\Math\Math.h(34,2): error C2143: syntax error: missing ';' before '}'
C:\Users\Tomas\github repos\TF2-xtrnl\TF2-xtrnl\src\Utils\Process\Process.h(18,17): error C7525: inline variables require at least '/std:c++17'
C:\Users\Tomas\github repos\TF2-xtrnl\TF2-xtrnl\src\Utils\Utils.h(15,2): warning C4312: 'reinterpret_cast': conversion from 'const DWORD' to 'PVOID' of greater size
C:\Users\Tomas\github repos\TF2-xtrnl\TF2-xtrnl\src\Utils\Utils.h(20,2): warning C4312: 'reinterpret_cast': conversion from 'const DWORD' to 'PVOID' of greater size
C:\Users\Tomas\github repos\TF2-xtrnl\TF2-xtrnl\src\Utils\Utils.h(33,52): warning C4311: 'reinterpret_cast': pointer truncation from 'HMODULE' to 'DWORD'
C:\Users\Tomas\github repos\TF2-xtrnl\TF2-xtrnl\src\Utils\Utils.h(33,52): warning C4302: 'reinterpret_cast': truncation from 'HMODULE' to 'DWORD'
C:\Users\Tomas\github repos\TF2-xtrnl\TF2-xtrnl\src\SDK\Include\Offsets.h(8,2): error C7525: inline variables require at least '/std:c++17'
C:\Users\Tomas\github repos\TF2-xtrnl\TF2-xtrnl\src\SDK\Include\Offsets.h(9,2): error C7525: inline variables require at least '/std:c++17'
C:\Users\Tomas\github repos\TF2-xtrnl\TF2-xtrnl\src\SDK\Include\Offsets.h(11,2): error C7525: inline variables require at least '/std:c++17'
C:\Users\Tomas\github repos\TF2-xtrnl\TF2-xtrnl\src\SDK\Include\Offsets.h(12,2): error C7525: inline variables require at least '/std:c++17'
C:\Users\Tomas\github repos\TF2-xtrnl\TF2-xtrnl\src\SDK\Include\Offsets.h(13,2): error C7525: inline variables require at least '/std:c++17'
C:\Users\Tomas\github repos\TF2-xtrnl\TF2-xtrnl\src\SDK\Include\Offsets.h(14,2): error C7525: inline variables require at least '/std:c++17'
C:\Users\Tomas\github repos\TF2-xtrnl\TF2-xtrnl\src\SDK\Include\Offsets.h(15,2): error C7525: inline variables require at least '/std:c++17'
C:\Users\Tomas\github repos\TF2-xtrnl\TF2-xtrnl\src\SDK\Include\Offsets.h(16,2): error C7525: inline variables require at least '/std:c++17'
C:\Users\Tomas\github repos\TF2-xtrnl\TF2-xtrnl\src\SDK\Include\Offsets.h(17,2): error C7525: inline variables require at least '/std:c++17'
C:\Users\Tomas\github repos\TF2-xtrnl\TF2-xtrnl\src\SDK\Include\Offsets.h(19,2): error C7525: inline variables require at least '/std:c++17'
C:\Users\Tomas\github repos\TF2-xtrnl\TF2-xtrnl\src\SDK\Include\Offsets.h(20,2): error C7525: inline variables require at least '/std:c++17'
C:\Users\Tomas\github repos\TF2-xtrnl\TF2-xtrnl\src\SDK\Include\Offsets.h(21,2): error C7525: inline variables require at least '/std:c++17'
C:\Users\Tomas\github repos\TF2-xtrnl\TF2-xtrnl\src\SDK\Include\Offsets.h(22,2): error C7525: inline variables require at least '/std:c++17'
C:\Users\Tomas\github repos\TF2-xtrnl\TF2-xtrnl\src\SDK\Include\Offsets.h(23,2): error C7525: inline variables require at least '/std:c++17'
C:\Users\Tomas\github repos\TF2-xtrnl\TF2-xtrnl\src\SDK\Include\Offsets.h(24,2): error C7525: inline variables require at least '/std:c++17'
C:\Users\Tomas\github repos\TF2-xtrnl\TF2-xtrnl\src\SDK\Include\Client\Client.h(15,16): error C7525: inline variables require at least '/std:c++17'
  Engine.cpp
C:\Users\Tomas\github repos\TF2-xtrnl\TF2-xtrnl\src\Utils\Math\Math.h(16,3): error C4235: nonstandard extension used: '__asm' keyword not supported on this architecture
C:\Users\Tomas\github repos\TF2-xtrnl\TF2-xtrnl\src\Utils\Math\Math.h(18,4): error C2065: 'fld': undeclared identifier
C:\Users\Tomas\github repos\TF2-xtrnl\TF2-xtrnl\src\Utils\Math\Math.h(18,9): error C2146: syntax error: missing ';' before identifier 'DWORD'
C:\Users\Tomas\github repos\TF2-xtrnl\TF2-xtrnl\src\Utils\Math\Math.h(18,9): error C2065: 'DWORD': undeclared identifier
C:\Users\Tomas\github repos\TF2-xtrnl\TF2-xtrnl\src\Utils\Math\Math.h(18,15): error C2146: syntax error: missing ';' before identifier 'PTR'
C:\Users\Tomas\github repos\TF2-xtrnl\TF2-xtrnl\src\Utils\Math\Math.h(18,15): error C2065: 'PTR': undeclared identifier
C:\Users\Tomas\github repos\TF2-xtrnl\TF2-xtrnl\src\Utils\Math\Math.h(19,4): error C2146: syntax error: missing ';' before identifier 'fsincos'
C:\Users\Tomas\github repos\TF2-xtrnl\TF2-xtrnl\src\Utils\Math\Math.h(19,4): error C2065: 'fsincos': undeclared identifier
C:\Users\Tomas\github repos\TF2-xtrnl\TF2-xtrnl\src\Utils\Math\Math.h(21,4): error C2146: syntax error: missing ';' before identifier 'mov'
C:\Users\Tomas\github repos\TF2-xtrnl\TF2-xtrnl\src\Utils\Math\Math.h(21,4): error C2065: 'mov': undeclared identifier
C:\Users\Tomas\github repos\TF2-xtrnl\TF2-xtrnl\src\Utils\Math\Math.h(21,8): error C2146: syntax error: missing ';' before identifier 'edx'
C:\Users\Tomas\github repos\TF2-xtrnl\TF2-xtrnl\src\Utils\Math\Math.h(21,8): error C2065: 'edx': undeclared identifier
C:\Users\Tomas\github repos\TF2-xtrnl\TF2-xtrnl\src\Utils\Math\Math.h(21,13): error C2065: 'DWORD': undeclared identifier
C:\Users\Tomas\github repos\TF2-xtrnl\TF2-xtrnl\src\Utils\Math\Math.h(21,19): error C2146: syntax error: missing ';' before identifier 'PTR'
C:\Users\Tomas\github repos\TF2-xtrnl\TF2-xtrnl\src\Utils\Math\Math.h(21,19): error C2065: 'PTR': undeclared identifier
C:\Users\Tomas\github repos\TF2-xtrnl\TF2-xtrnl\src\Utils\Math\Math.h(22,4): error C2146: syntax error: missing ';' before identifier 'mov'
C:\Users\Tomas\github repos\TF2-xtrnl\TF2-xtrnl\src\Utils\Math\Math.h(22,4): error C2065: 'mov': undeclared identifier
C:\Users\Tomas\github repos\TF2-xtrnl\TF2-xtrnl\src\Utils\Math\Math.h(22,8): error C2146: syntax error: missing ';' before identifier 'eax'
C:\Users\Tomas\github repos\TF2-xtrnl\TF2-xtrnl\src\Utils\Math\Math.h(22,8): error C2065: 'eax': undeclared identifier
C:\Users\Tomas\github repos\TF2-xtrnl\TF2-xtrnl\src\Utils\Math\Math.h(22,13): error C2065: 'DWORD': undeclared identifier
C:\Users\Tomas\github repos\TF2-xtrnl\TF2-xtrnl\src\Utils\Math\Math.h(22,19): error C2146: syntax error: missing ';' before identifier 'PTR'
C:\Users\Tomas\github repos\TF2-xtrnl\TF2-xtrnl\src\Utils\Math\Math.h(22,19): error C2065: 'PTR': undeclared identifier
C:\Users\Tomas\github repos\TF2-xtrnl\TF2-xtrnl\src\Utils\Math\Math.h(24,4): error C2146: syntax error: missing ';' before identifier 'fstp'
C:\Users\Tomas\github repos\TF2-xtrnl\TF2-xtrnl\src\Utils\Math\Math.h(24,4): error C2065: 'fstp': undeclared identifier
C:\Users\Tomas\github repos\TF2-xtrnl\TF2-xtrnl\src\Utils\Math\Math.h(24,9): error C2146: syntax error: missing ';' before identifier 'DWORD'
C:\Users\Tomas\github repos\TF2-xtrnl\TF2-xtrnl\src\Utils\Math\Math.h(24,9): error C2065: 'DWORD': undeclared identifier
C:\Users\Tomas\github repos\TF2-xtrnl\TF2-xtrnl\src\Utils\Math\Math.h(24,15): error C2146: syntax error: missing ';' before identifier 'PTR'
C:\Users\Tomas\github repos\TF2-xtrnl\TF2-xtrnl\src\Utils\Math\Math.h(24,15): error C2065: 'PTR': undeclared identifier
C:\Users\Tomas\github repos\TF2-xtrnl\TF2-xtrnl\src\Utils\Math\Math.h(24,19): error C2065: 'edx': undeclared identifier
C:\Users\Tomas\github repos\TF2-xtrnl\TF2-xtrnl\src\Utils\Math\Math.h(25,4): error C2146: syntax error: missing ';' before identifier 'fstp'
C:\Users\Tomas\github repos\TF2-xtrnl\TF2-xtrnl\src\Utils\Math\Math.h(25,4): error C2065: 'fstp': undeclared identifier
C:\Users\Tomas\github repos\TF2-xtrnl\TF2-xtrnl\src\Utils\Math\Math.h(25,9): error C2146: syntax error: missing ';' before identifier 'DWORD'
C:\Users\Tomas\github repos\TF2-xtrnl\TF2-xtrnl\src\Utils\Math\Math.h(25,9): error C2065: 'DWORD': undeclared identifier
C:\Users\Tomas\github repos\TF2-xtrnl\TF2-xtrnl\src\Utils\Math\Math.h(25,15): error C2146: syntax error: missing ';' before identifier 'PTR'
C:\Users\Tomas\github repos\TF2-xtrnl\TF2-xtrnl\src\Utils\Math\Math.h(25,15): error C2065: 'PTR': undeclared identifier
C:\Users\Tomas\github repos\TF2-xtrnl\TF2-xtrnl\src\Utils\Math\Math.h(25,19): error C2065: 'eax': undeclared identifier
C:\Users\Tomas\github repos\TF2-xtrnl\TF2-xtrnl\src\Utils\Math\Math.h(26,3): error C2143: syntax error: missing ';' before '}'
C:\Users\Tomas\github repos\TF2-xtrnl\TF2-xtrnl\src\Utils\Math\Math.h(29,28): error C2485: 'naked': unrecognized extended attribute
C:\Users\Tomas\github repos\TF2-xtrnl\TF2-xtrnl\src\Utils\Math\Math.h(31,3): error C4235: nonstandard extension used: '__asm' keyword not supported on this architecture
C:\Users\Tomas\github repos\TF2-xtrnl\TF2-xtrnl\src\Utils\Math\Math.h(31,8): error C2065: 'fld': undeclared identifier
C:\Users\Tomas\github repos\TF2-xtrnl\TF2-xtrnl\src\Utils\Math\Math.h(31,12): error C2146: syntax error: missing ';' before identifier 'qword'
C:\Users\Tomas\github repos\TF2-xtrnl\TF2-xtrnl\src\Utils\Math\Math.h(31,12): error C2065: 'qword': undeclared identifier
C:\Users\Tomas\github repos\TF2-xtrnl\TF2-xtrnl\src\Utils\Math\Math.h(31,18): error C2146: syntax error: missing ';' before identifier 'ptr'
C:\Users\Tomas\github repos\TF2-xtrnl\TF2-xtrnl\src\Utils\Math\Math.h(31,18): error C2065: 'ptr': undeclared identifier
C:\Users\Tomas\github repos\TF2-xtrnl\TF2-xtrnl\src\Utils\Math\Math.h(31,22): error C2065: 'esp': undeclared identifier
C:\Users\Tomas\github repos\TF2-xtrnl\TF2-xtrnl\src\Utils\Math\Math.h(32,4): error C2143: syntax error: missing ';' before '__asm'
C:\Users\Tomas\github repos\TF2-xtrnl\TF2-xtrnl\src\Utils\Math\Math.h(32,4): error C4235: nonstandard extension used: '__asm' keyword not supported on this architecture
C:\Users\Tomas\github repos\TF2-xtrnl\TF2-xtrnl\src\Utils\Math\Math.h(32,9): error C2065: 'fsqrt': undeclared identifier
C:\Users\Tomas\github repos\TF2-xtrnl\TF2-xtrnl\src\Utils\Math\Math.h(33,3): error C2143: syntax error: missing ';' before '__asm'
C:\Users\Tomas\github repos\TF2-xtrnl\TF2-xtrnl\src\Utils\Math\Math.h(33,3): error C4235: nonstandard extension used: '__asm' keyword not supported on this architecture
C:\Users\Tomas\github repos\TF2-xtrnl\TF2-xtrnl\src\Utils\Math\Math.h(33,8): error C2065: 'ret': undeclared identifier
C:\Users\Tomas\github repos\TF2-xtrnl\TF2-xtrnl\src\Utils\Math\Math.h(33,12): error C2143: syntax error: missing ';' before 'constant'
C:\Users\Tomas\github repos\TF2-xtrnl\TF2-xtrnl\src\Utils\Math\Math.h(34,2): error C2143: syntax error: missing ';' before '}'
C:\Users\Tomas\github repos\TF2-xtrnl\TF2-xtrnl\src\Utils\Process\Process.h(18,17): error C7525: inline variables require at least '/std:c++17'
C:\Users\Tomas\github repos\TF2-xtrnl\TF2-xtrnl\src\Utils\Utils.h(15,2): warning C4312: 'reinterpret_cast': conversion from 'const DWORD' to 'PVOID' of greater size
C:\Users\Tomas\github repos\TF2-xtrnl\TF2-xtrnl\src\Utils\Utils.h(20,2): warning C4312: 'reinterpret_cast': conversion from 'const DWORD' to 'PVOID' of greater size
C:\Users\Tomas\github repos\TF2-xtrnl\TF2-xtrnl\src\Utils\Utils.h(33,52): warning C4311: 'reinterpret_cast': pointer truncation from 'HMODULE' to 'DWORD'
C:\Users\Tomas\github repos\TF2-xtrnl\TF2-xtrnl\src\Utils\Utils.h(33,52): warning C4302: 'reinterpret_cast': truncation from 'HMODULE' to 'DWORD'
C:\Users\Tomas\github repos\TF2-xtrnl\TF2-xtrnl\src\SDK\Include\Offsets.h(8,2): error C7525: inline variables require at least '/std:c++17'
C:\Users\Tomas\github repos\TF2-xtrnl\TF2-xtrnl\src\SDK\Include\Offsets.h(9,2): error C7525: inline variables require at least '/std:c++17'
C:\Users\Tomas\github repos\TF2-xtrnl\TF2-xtrnl\src\SDK\Include\Offsets.h(11,2): error C7525: inline variables require at least '/std:c++17'
C:\Users\Tomas\github repos\TF2-xtrnl\TF2-xtrnl\src\SDK\Include\Offsets.h(12,2): error C7525: inline variables require at least '/std:c++17'
C:\Users\Tomas\github repos\TF2-xtrnl\TF2-xtrnl\src\SDK\Include\Offsets.h(13,2): error C7525: inline variables require at least '/std:c++17'
C:\Users\Tomas\github repos\TF2-xtrnl\TF2-xtrnl\src\SDK\Include\Offsets.h(14,2): error C7525: inline variables require at least '/std:c++17'
C:\Users\Tomas\github repos\TF2-xtrnl\TF2-xtrnl\src\SDK\Include\Offsets.h(15,2): error C7525: inline variables require at least '/std:c++17'
C:\Users\Tomas\github repos\TF2-xtrnl\TF2-xtrnl\src\SDK\Include\Offsets.h(16,2): error C7525: inline variables require at least '/std:c++17'
C:\Users\Tomas\github repos\TF2-xtrnl\TF2-xtrnl\src\SDK\Include\Offsets.h(17,2): error C7525: inline variables require at least '/std:c++17'
C:\Users\Tomas\github repos\TF2-xtrnl\TF2-xtrnl\src\SDK\Include\Offsets.h(19,2): error C7525: inline variables require at least '/std:c++17'
C:\Users\Tomas\github repos\TF2-xtrnl\TF2-xtrnl\src\SDK\Include\Offsets.h(20,2): error C7525: inline variables require at least '/std:c++17'
C:\Users\Tomas\github repos\TF2-xtrnl\TF2-xtrnl\src\SDK\Include\Offsets.h(21,2): error C7525: inline variables require at least '/std:c++17'
C:\Users\Tomas\github repos\TF2-xtrnl\TF2-xtrnl\src\SDK\Include\Offsets.h(22,2): error C7525: inline variables require at least '/std:c++17'
C:\Users\Tomas\github repos\TF2-xtrnl\TF2-xtrnl\src\SDK\Include\Offsets.h(23,2): error C7525: inline variables require at least '/std:c++17'
C:\Users\Tomas\github repos\TF2-xtrnl\TF2-xtrnl\src\SDK\Include\Offsets.h(24,2): error C7525: inline variables require at least '/std:c++17'
C:\Users\Tomas\github repos\TF2-xtrnl\TF2-xtrnl\src\SDK\Include\Engine\Engine.h(11,16): error C7525: inline variables require at least '/std:c++17'
  EntityCache.cpp
C:\Users\Tomas\github repos\TF2-xtrnl\TF2-xtrnl\src\Utils\Math\Math.h(16,3): error C4235: nonstandard extension used: '__asm' keyword not supported on this architecture
C:\Users\Tomas\github repos\TF2-xtrnl\TF2-xtrnl\src\Utils\Math\Math.h(18,4): error C2065: 'fld': undeclared identifier
C:\Users\Tomas\github repos\TF2-xtrnl\TF2-xtrnl\src\Utils\Math\Math.h(18,9): error C2146: syntax error: missing ';' before identifier 'DWORD'
C:\Users\Tomas\github repos\TF2-xtrnl\TF2-xtrnl\src\Utils\Math\Math.h(18,9): error C2065: 'DWORD': undeclared identifier
C:\Users\Tomas\github repos\TF2-xtrnl\TF2-xtrnl\src\Utils\Math\Math.h(18,15): error C2146: syntax error: missing ';' before identifier 'PTR'
C:\Users\Tomas\github repos\TF2-xtrnl\TF2-xtrnl\src\Utils\Math\Math.h(18,15): error C2065: 'PTR': undeclared identifier
C:\Users\Tomas\github repos\TF2-xtrnl\TF2-xtrnl\src\Utils\Math\Math.h(19,4): error C2146: syntax error: missing ';' before identifier 'fsincos'
C:\Users\Tomas\github repos\TF2-xtrnl\TF2-xtrnl\src\Utils\Math\Math.h(19,4): error C2065: 'fsincos': undeclared identifier
C:\Users\Tomas\github repos\TF2-xtrnl\TF2-xtrnl\src\Utils\Math\Math.h(21,4): error C2146: syntax error: missing ';' before identifier 'mov'
C:\Users\Tomas\github repos\TF2-xtrnl\TF2-xtrnl\src\Utils\Math\Math.h(21,4): error C2065: 'mov': undeclared identifier
C:\Users\Tomas\github repos\TF2-xtrnl\TF2-xtrnl\src\Utils\Math\Math.h(21,8): error C2146: syntax error: missing ';' before identifier 'edx'
C:\Users\Tomas\github repos\TF2-xtrnl\TF2-xtrnl\src\Utils\Math\Math.h(21,8): error C2065: 'edx': undeclared identifier
C:\Users\Tomas\github repos\TF2-xtrnl\TF2-xtrnl\src\Utils\Math\Math.h(21,13): error C2065: 'DWORD': undeclared identifier
C:\Users\Tomas\github repos\TF2-xtrnl\TF2-xtrnl\src\Utils\Math\Math.h(21,19): error C2146: syntax error: missing ';' before identifier 'PTR'
C:\Users\Tomas\github repos\TF2-xtrnl\TF2-xtrnl\src\Utils\Math\Math.h(21,19): error C2065: 'PTR': undeclared identifier
C:\Users\Tomas\github repos\TF2-xtrnl\TF2-xtrnl\src\Utils\Math\Math.h(22,4): error C2146: syntax error: missing ';' before identifier 'mov'
C:\Users\Tomas\github repos\TF2-xtrnl\TF2-xtrnl\src\Utils\Math\Math.h(22,4): error C2065: 'mov': undeclared identifier
C:\Users\Tomas\github repos\TF2-xtrnl\TF2-xtrnl\src\Utils\Math\Math.h(22,8): error C2146: syntax error: missing ';' before identifier 'eax'
C:\Users\Tomas\github repos\TF2-xtrnl\TF2-xtrnl\src\Utils\Math\Math.h(22,8): error C2065: 'eax': undeclared identifier
C:\Users\Tomas\github repos\TF2-xtrnl\TF2-xtrnl\src\Utils\Math\Math.h(22,13): error C2065: 'DWORD': undeclared identifier
C:\Users\Tomas\github repos\TF2-xtrnl\TF2-xtrnl\src\Utils\Math\Math.h(22,19): error C2146: syntax error: missing ';' before identifier 'PTR'
C:\Users\Tomas\github repos\TF2-xtrnl\TF2-xtrnl\src\Utils\Math\Math.h(22,19): error C2065: 'PTR': undeclared identifier
C:\Users\Tomas\github repos\TF2-xtrnl\TF2-xtrnl\src\Utils\Math\Math.h(24,4): error C2146: syntax error: missing ';' before identifier 'fstp'
C:\Users\Tomas\github repos\TF2-xtrnl\TF2-xtrnl\src\Utils\Math\Math.h(24,4): error C2065: 'fstp': undeclared identifier
C:\Users\Tomas\github repos\TF2-xtrnl\TF2-xtrnl\src\Utils\Math\Math.h(24,9): error C2146: syntax error: missing ';' before identifier 'DWORD'
C:\Users\Tomas\github repos\TF2-xtrnl\TF2-xtrnl\src\Utils\Math\Math.h(24,9): error C2065: 'DWORD': undeclared identifier
C:\Users\Tomas\github repos\TF2-xtrnl\TF2-xtrnl\src\Utils\Math\Math.h(24,15): error C2146: syntax error: missing ';' before identifier 'PTR'
C:\Users\Tomas\github repos\TF2-xtrnl\TF2-xtrnl\src\Utils\Math\Math.h(24,15): error C2065: 'PTR': undeclared identifier
C:\Users\Tomas\github repos\TF2-xtrnl\TF2-xtrnl\src\Utils\Math\Math.h(24,19): error C2065: 'edx': undeclared identifier
C:\Users\Tomas\github repos\TF2-xtrnl\TF2-xtrnl\src\Utils\Math\Math.h(25,4): error C2146: syntax error: missing ';' before identifier 'fstp'
C:\Users\Tomas\github repos\TF2-xtrnl\TF2-xtrnl\src\Utils\Math\Math.h(25,4): error C2065: 'fstp': undeclared identifier
C:\Users\Tomas\github repos\TF2-xtrnl\TF2-xtrnl\src\Utils\Math\Math.h(25,9): error C2146: syntax error: missing ';' before identifier 'DWORD'
C:\Users\Tomas\github repos\TF2-xtrnl\TF2-xtrnl\src\Utils\Math\Math.h(25,9): error C2065: 'DWORD': undeclared identifier
C:\Users\Tomas\github repos\TF2-xtrnl\TF2-xtrnl\src\Utils\Math\Math.h(25,15): error C2146: syntax error: missing ';' before identifier 'PTR'
C:\Users\Tomas\github repos\TF2-xtrnl\TF2-xtrnl\src\Utils\Math\Math.h(25,15): error C2065: 'PTR': undeclared identifier
C:\Users\Tomas\github repos\TF2-xtrnl\TF2-xtrnl\src\Utils\Math\Math.h(25,19): error C2065: 'eax': undeclared identifier
C:\Users\Tomas\github repos\TF2-xtrnl\TF2-xtrnl\src\Utils\Math\Math.h(26,3): error C2143: syntax error: missing ';' before '}'
C:\Users\Tomas\github repos\TF2-xtrnl\TF2-xtrnl\src\Utils\Math\Math.h(29,28): error C2485: 'naked': unrecognized extended attribute
C:\Users\Tomas\github repos\TF2-xtrnl\TF2-xtrnl\src\Utils\Math\Math.h(31,3): error C4235: nonstandard extension used: '__asm' keyword not supported on this architecture
C:\Users\Tomas\github repos\TF2-xtrnl\TF2-xtrnl\src\Utils\Math\Math.h(31,8): error C2065: 'fld': undeclared identifier
C:\Users\Tomas\github repos\TF2-xtrnl\TF2-xtrnl\src\Utils\Math\Math.h(31,12): error C2146: syntax error: missing ';' before identifier 'qword'
C:\Users\Tomas\github repos\TF2-xtrnl\TF2-xtrnl\src\Utils\Math\Math.h(31,12): error C2065: 'qword': undeclared identifier
C:\Users\Tomas\github repos\TF2-xtrnl\TF2-xtrnl\src\Utils\Math\Math.h(31,18): error C2146: syntax error: missing ';' before identifier 'ptr'
C:\Users\Tomas\github repos\TF2-xtrnl\TF2-xtrnl\src\Utils\Math\Math.h(31,18): error C2065: 'ptr': undeclared identifier
C:\Users\Tomas\github repos\TF2-xtrnl\TF2-xtrnl\src\Utils\Math\Math.h(31,22): error C2065: 'esp': undeclared identifier
C:\Users\Tomas\github repos\TF2-xtrnl\TF2-xtrnl\src\Utils\Math\Math.h(32,4): error C2143: syntax error: missing ';' before '__asm'
C:\Users\Tomas\github repos\TF2-xtrnl\TF2-xtrnl\src\Utils\Math\Math.h(32,4): error C4235: nonstandard extension used: '__asm' keyword not supported on this architecture
C:\Users\Tomas\github repos\TF2-xtrnl\TF2-xtrnl\src\Utils\Math\Math.h(32,9): error C2065: 'fsqrt': undeclared identifier
C:\Users\Tomas\github repos\TF2-xtrnl\TF2-xtrnl\src\Utils\Math\Math.h(33,3): error C2143: syntax error: missing ';' before '__asm'
C:\Users\Tomas\github repos\TF2-xtrnl\TF2-xtrnl\src\Utils\Math\Math.h(33,3): error C4235: nonstandard extension used: '__asm' keyword not supported on this architecture
C:\Users\Tomas\github repos\TF2-xtrnl\TF2-xtrnl\src\Utils\Math\Math.h(33,8): error C2065: 'ret': undeclared identifier
C:\Users\Tomas\github repos\TF2-xtrnl\TF2-xtrnl\src\Utils\Math\Math.h(33,12): error C2143: syntax error: missing ';' before 'constant'
C:\Users\Tomas\github repos\TF2-xtrnl\TF2-xtrnl\src\Utils\Math\Math.h(34,2): error C2143: syntax error: missing ';' before '}'
C:\Users\Tomas\github repos\TF2-xtrnl\TF2-xtrnl\src\Utils\Process\Process.h(18,17): error C7525: inline variables require at least '/std:c++17'
C:\Users\Tomas\github repos\TF2-xtrnl\TF2-xtrnl\src\Utils\Utils.h(15,2): warning C4312: 'reinterpret_cast': conversion from 'const DWORD' to 'PVOID' of greater size
C:\Users\Tomas\github repos\TF2-xtrnl\TF2-xtrnl\src\Utils\Utils.h(20,2): warning C4312: 'reinterpret_cast': conversion from 'const DWORD' to 'PVOID' of greater size
C:\Users\Tomas\github repos\TF2-xtrnl\TF2-xtrnl\src\Utils\Utils.h(33,52): warning C4311: 'reinterpret_cast': pointer truncation from 'HMODULE' to 'DWORD'
C:\Users\Tomas\github repos\TF2-xtrnl\TF2-xtrnl\src\Utils\Utils.h(33,52): warning C4302: 'reinterpret_cast': truncation from 'HMODULE' to 'DWORD'
C:\Users\Tomas\github repos\TF2-xtrnl\TF2-xtrnl\src\SDK\Include\Offsets.h(8,2): error C7525: inline variables require at least '/std:c++17'
C:\Users\Tomas\github repos\TF2-xtrnl\TF2-xtrnl\src\SDK\Include\Offsets.h(9,2): error C7525: inline variables require at least '/std:c++17'
C:\Users\Tomas\github repos\TF2-xtrnl\TF2-xtrnl\src\SDK\Include\Offsets.h(11,2): error C7525: inline variables require at least '/std:c++17'
C:\Users\Tomas\github repos\TF2-xtrnl\TF2-xtrnl\src\SDK\Include\Offsets.h(12,2): error C7525: inline variables require at least '/std:c++17'
C:\Users\Tomas\github repos\TF2-xtrnl\TF2-xtrnl\src\SDK\Include\Offsets.h(13,2): error C7525: inline variables require at least '/std:c++17'
C:\Users\Tomas\github repos\TF2-xtrnl\TF2-xtrnl\src\SDK\Include\Offsets.h(14,2): error C7525: inline variables require at least '/std:c++17'
C:\Users\Tomas\github repos\TF2-xtrnl\TF2-xtrnl\src\SDK\Include\Offsets.h(15,2): error C7525: inline variables require at least '/std:c++17'
C:\Users\Tomas\github repos\TF2-xtrnl\TF2-xtrnl\src\SDK\Include\Offsets.h(16,2): error C7525: inline variables require at least '/std:c++17'
C:\Users\Tomas\github repos\TF2-xtrnl\TF2-xtrnl\src\SDK\Include\Offsets.h(17,2): error C7525: inline variables require at least '/std:c++17'
C:\Users\Tomas\github repos\TF2-xtrnl\TF2-xtrnl\src\SDK\Include\Offsets.h(19,2): error C7525: inline variables require at least '/std:c++17'
C:\Users\Tomas\github repos\TF2-xtrnl\TF2-xtrnl\src\SDK\Include\Offsets.h(20,2): error C7525: inline variables require at least '/std:c++17'
C:\Users\Tomas\github repos\TF2-xtrnl\TF2-xtrnl\src\SDK\Include\Offsets.h(21,2): error C7525: inline variables require at least '/std:c++17'
C:\Users\Tomas\github repos\TF2-xtrnl\TF2-xtrnl\src\SDK\Include\Offsets.h(22,2): error C7525: inline variables require at least '/std:c++17'
C:\Users\Tomas\github repos\TF2-xtrnl\TF2-xtrnl\src\SDK\Include\Offsets.h(23,2): error C7525: inline variables require at least '/std:c++17'
C:\Users\Tomas\github repos\TF2-xtrnl\TF2-xtrnl\src\SDK\Include\Offsets.h(24,2): error C7525: inline variables require at least '/std:c++17'
C:\Users\Tomas\github repos\TF2-xtrnl\TF2-xtrnl\src\SDK\Include\EntityList\EntityList.h(10,20): error C7525: inline variables require at least '/std:c++17'
C:\Users\Tomas\github repos\TF2-xtrnl\TF2-xtrnl\src\SDK\Include\EntityCache\EntityCache.h(23,21): error C7525: inline variables require at least '/std:c++17'
C:\Users\Tomas\github repos\TF2-xtrnl\TF2-xtrnl\src\SDK\Include\Client\Client.h(15,16): error C7525: inline variables require at least '/std:c++17'
  EntityList.cpp
C:\Users\Tomas\github repos\TF2-xtrnl\TF2-xtrnl\src\Utils\Math\Math.h(16,3): error C4235: nonstandard extension used: '__asm' keyword not supported on this architecture
C:\Users\Tomas\github repos\TF2-xtrnl\TF2-xtrnl\src\Utils\Math\Math.h(18,4): error C2065: 'fld': undeclared identifier
C:\Users\Tomas\github repos\TF2-xtrnl\TF2-xtrnl\src\Utils\Math\Math.h(18,9): error C2146: syntax error: missing ';' before identifier 'DWORD'
C:\Users\Tomas\github repos\TF2-xtrnl\TF2-xtrnl\src\Utils\Math\Math.h(18,9): error C2065: 'DWORD': undeclared identifier
C:\Users\Tomas\github repos\TF2-xtrnl\TF2-xtrnl\src\Utils\Math\Math.h(18,15): error C2146: syntax error: missing ';' before identifier 'PTR'
C:\Users\Tomas\github repos\TF2-xtrnl\TF2-xtrnl\src\Utils\Math\Math.h(18,15): error C2065: 'PTR': undeclared identifier
C:\Users\Tomas\github repos\TF2-xtrnl\TF2-xtrnl\src\Utils\Math\Math.h(19,4): error C2146: syntax error: missing ';' before identifier 'fsincos'
C:\Users\Tomas\github repos\TF2-xtrnl\TF2-xtrnl\src\Utils\Math\Math.h(19,4): error C2065: 'fsincos': undeclared identifier
C:\Users\Tomas\github repos\TF2-xtrnl\TF2-xtrnl\src\Utils\Math\Math.h(21,4): error C2146: syntax error: missing ';' before identifier 'mov'
C:\Users\Tomas\github repos\TF2-xtrnl\TF2-xtrnl\src\Utils\Math\Math.h(21,4): error C2065: 'mov': undeclared identifier
C:\Users\Tomas\github repos\TF2-xtrnl\TF2-xtrnl\src\Utils\Math\Math.h(21,8): error C2146: syntax error: missing ';' before identifier 'edx'
C:\Users\Tomas\github repos\TF2-xtrnl\TF2-xtrnl\src\Utils\Math\Math.h(21,8): error C2065: 'edx': undeclared identifier
C:\Users\Tomas\github repos\TF2-xtrnl\TF2-xtrnl\src\Utils\Math\Math.h(21,13): error C2065: 'DWORD': undeclared identifier
C:\Users\Tomas\github repos\TF2-xtrnl\TF2-xtrnl\src\Utils\Math\Math.h(21,19): error C2146: syntax error: missing ';' before identifier 'PTR'
C:\Users\Tomas\github repos\TF2-xtrnl\TF2-xtrnl\src\Utils\Math\Math.h(21,19): error C2065: 'PTR': undeclared identifier
C:\Users\Tomas\github repos\TF2-xtrnl\TF2-xtrnl\src\Utils\Math\Math.h(22,4): error C2146: syntax error: missing ';' before identifier 'mov'
C:\Users\Tomas\github repos\TF2-xtrnl\TF2-xtrnl\src\Utils\Math\Math.h(22,4): error C2065: 'mov': undeclared identifier
C:\Users\Tomas\github repos\TF2-xtrnl\TF2-xtrnl\src\Utils\Math\Math.h(22,8): error C2146: syntax error: missing ';' before identifier 'eax'
C:\Users\Tomas\github repos\TF2-xtrnl\TF2-xtrnl\src\Utils\Math\Math.h(22,8): error C2065: 'eax': undeclared identifier
C:\Users\Tomas\github repos\TF2-xtrnl\TF2-xtrnl\src\Utils\Math\Math.h(22,13): error C2065: 'DWORD': undeclared identifier
C:\Users\Tomas\github repos\TF2-xtrnl\TF2-xtrnl\src\Utils\Math\Math.h(22,19): error C2146: syntax error: missing ';' before identifier 'PTR'
C:\Users\Tomas\github repos\TF2-xtrnl\TF2-xtrnl\src\Utils\Math\Math.h(22,19): error C2065: 'PTR': undeclared identifier
C:\Users\Tomas\github repos\TF2-xtrnl\TF2-xtrnl\src\Utils\Math\Math.h(24,4): error C2146: syntax error: missing ';' before identifier 'fstp'
C:\Users\Tomas\github repos\TF2-xtrnl\TF2-xtrnl\src\Utils\Math\Math.h(24,4): error C2065: 'fstp': undeclared identifier
C:\Users\Tomas\github repos\TF2-xtrnl\TF2-xtrnl\src\Utils\Math\Math.h(24,9): error C2146: syntax error: missing ';' before identifier 'DWORD'
C:\Users\Tomas\github repos\TF2-xtrnl\TF2-xtrnl\src\Utils\Math\Math.h(24,9): error C2065: 'DWORD': undeclared identifier
C:\Users\Tomas\github repos\TF2-xtrnl\TF2-xtrnl\src\Utils\Math\Math.h(24,15): error C2146: syntax error: missing ';' before identifier 'PTR'
C:\Users\Tomas\github repos\TF2-xtrnl\TF2-xtrnl\src\Utils\Math\Math.h(24,15): error C2065: 'PTR': undeclared identifier
C:\Users\Tomas\github repos\TF2-xtrnl\TF2-xtrnl\src\Utils\Math\Math.h(24,19): error C2065: 'edx': undeclared identifier
C:\Users\Tomas\github repos\TF2-xtrnl\TF2-xtrnl\src\Utils\Math\Math.h(25,4): error C2146: syntax error: missing ';' before identifier 'fstp'
C:\Users\Tomas\github repos\TF2-xtrnl\TF2-xtrnl\src\Utils\Math\Math.h(25,4): error C2065: 'fstp': undeclared identifier
C:\Users\Tomas\github repos\TF2-xtrnl\TF2-xtrnl\src\Utils\Math\Math.h(25,9): error C2146: syntax error: missing ';' before identifier 'DWORD'
C:\Users\Tomas\github repos\TF2-xtrnl\TF2-xtrnl\src\Utils\Math\Math.h(25,9): error C2065: 'DWORD': undeclared identifier
C:\Users\Tomas\github repos\TF2-xtrnl\TF2-xtrnl\src\Utils\Math\Math.h(25,15): error C2146: syntax error: missing ';' before identifier 'PTR'
C:\Users\Tomas\github repos\TF2-xtrnl\TF2-xtrnl\src\Utils\Math\Math.h(25,15): error C2065: 'PTR': undeclared identifier
C:\Users\Tomas\github repos\TF2-xtrnl\TF2-xtrnl\src\Utils\Math\Math.h(25,19): error C2065: 'eax': undeclared identifier
C:\Users\Tomas\github repos\TF2-xtrnl\TF2-xtrnl\src\Utils\Math\Math.h(26,3): error C2143: syntax error: missing ';' before '}'
C:\Users\Tomas\github repos\TF2-xtrnl\TF2-xtrnl\src\Utils\Math\Math.h(29,28): error C2485: 'naked': unrecognized extended attribute
C:\Users\Tomas\github repos\TF2-xtrnl\TF2-xtrnl\src\Utils\Math\Math.h(31,3): error C4235: nonstandard extension used: '__asm' keyword not supported on this architecture
C:\Users\Tomas\github repos\TF2-xtrnl\TF2-xtrnl\src\Utils\Math\Math.h(31,8): error C2065: 'fld': undeclared identifier
C:\Users\Tomas\github repos\TF2-xtrnl\TF2-xtrnl\src\Utils\Math\Math.h(31,12): error C2146: syntax error: missing ';' before identifier 'qword'
C:\Users\Tomas\github repos\TF2-xtrnl\TF2-xtrnl\src\Utils\Math\Math.h(31,12): error C2065: 'qword': undeclared identifier
C:\Users\Tomas\github repos\TF2-xtrnl\TF2-xtrnl\src\Utils\Math\Math.h(31,18): error C2146: syntax error: missing ';' before identifier 'ptr'
C:\Users\Tomas\github repos\TF2-xtrnl\TF2-xtrnl\src\Utils\Math\Math.h(31,18): error C2065: 'ptr': undeclared identifier
C:\Users\Tomas\github repos\TF2-xtrnl\TF2-xtrnl\src\Utils\Math\Math.h(31,22): error C2065: 'esp': undeclared identifier
C:\Users\Tomas\github repos\TF2-xtrnl\TF2-xtrnl\src\Utils\Math\Math.h(32,4): error C2143: syntax error: missing ';' before '__asm'
C:\Users\Tomas\github repos\TF2-xtrnl\TF2-xtrnl\src\Utils\Math\Math.h(32,4): error C4235: nonstandard extension used: '__asm' keyword not supported on this architecture
C:\Users\Tomas\github repos\TF2-xtrnl\TF2-xtrnl\src\Utils\Math\Math.h(32,9): error C2065: 'fsqrt': undeclared identifier
C:\Users\Tomas\github repos\TF2-xtrnl\TF2-xtrnl\src\Utils\Math\Math.h(33,3): error C2143: syntax error: missing ';' before '__asm'
C:\Users\Tomas\github repos\TF2-xtrnl\TF2-xtrnl\src\Utils\Math\Math.h(33,3): error C4235: nonstandard extension used: '__asm' keyword not supported on this architecture
C:\Users\Tomas\github repos\TF2-xtrnl\TF2-xtrnl\src\Utils\Math\Math.h(33,8): error C2065: 'ret': undeclared identifier
C:\Users\Tomas\github repos\TF2-xtrnl\TF2-xtrnl\src\Utils\Math\Math.h(33,12): error C2143: syntax error: missing ';' before 'constant'
C:\Users\Tomas\github repos\TF2-xtrnl\TF2-xtrnl\src\Utils\Math\Math.h(34,2): error C2143: syntax error: missing ';' before '}'
C:\Users\Tomas\github repos\TF2-xtrnl\TF2-xtrnl\src\Utils\Process\Process.h(18,17): error C7525: inline variables require at least '/std:c++17'
C:\Users\Tomas\github repos\TF2-xtrnl\TF2-xtrnl\src\Utils\Utils.h(15,2): warning C4312: 'reinterpret_cast': conversion from 'const DWORD' to 'PVOID' of greater size
C:\Users\Tomas\github repos\TF2-xtrnl\TF2-xtrnl\src\Utils\Utils.h(20,2): warning C4312: 'reinterpret_cast': conversion from 'const DWORD' to 'PVOID' of greater size
C:\Users\Tomas\github repos\TF2-xtrnl\TF2-xtrnl\src\Utils\Utils.h(33,52): warning C4311: 'reinterpret_cast': pointer truncation from 'HMODULE' to 'DWORD'
C:\Users\Tomas\github repos\TF2-xtrnl\TF2-xtrnl\src\Utils\Utils.h(33,52): warning C4302: 'reinterpret_cast': truncation from 'HMODULE' to 'DWORD'
C:\Users\Tomas\github repos\TF2-xtrnl\TF2-xtrnl\src\SDK\Include\Offsets.h(8,2): error C7525: inline variables require at least '/std:c++17'
C:\Users\Tomas\github repos\TF2-xtrnl\TF2-xtrnl\src\SDK\Include\Offsets.h(9,2): error C7525: inline variables require at least '/std:c++17'
C:\Users\Tomas\github repos\TF2-xtrnl\TF2-xtrnl\src\SDK\Include\Offsets.h(11,2): error C7525: inline variables require at least '/std:c++17'
C:\Users\Tomas\github repos\TF2-xtrnl\TF2-xtrnl\src\SDK\Include\Offsets.h(12,2): error C7525: inline variables require at least '/std:c++17'
C:\Users\Tomas\github repos\TF2-xtrnl\TF2-xtrnl\src\SDK\Include\Offsets.h(13,2): error C7525: inline variables require at least '/std:c++17'
C:\Users\Tomas\github repos\TF2-xtrnl\TF2-xtrnl\src\SDK\Include\Offsets.h(14,2): error C7525: inline variables require at least '/std:c++17'
C:\Users\Tomas\github repos\TF2-xtrnl\TF2-xtrnl\src\SDK\Include\Offsets.h(15,2): error C7525: inline variables require at least '/std:c++17'
C:\Users\Tomas\github repos\TF2-xtrnl\TF2-xtrnl\src\SDK\Include\Offsets.h(16,2): error C7525: inline variables require at least '/std:c++17'
C:\Users\Tomas\github repos\TF2-xtrnl\TF2-xtrnl\src\SDK\Include\Offsets.h(17,2): error C7525: inline variables require at least '/std:c++17'
C:\Users\Tomas\github repos\TF2-xtrnl\TF2-xtrnl\src\SDK\Include\Offsets.h(19,2): error C7525: inline variables require at least '/std:c++17'
C:\Users\Tomas\github repos\TF2-xtrnl\TF2-xtrnl\src\SDK\Include\Offsets.h(20,2): error C7525: inline variables require at least '/std:c++17'
C:\Users\Tomas\github repos\TF2-xtrnl\TF2-xtrnl\src\SDK\Include\Offsets.h(21,2): error C7525: inline variables require at least '/std:c++17'
C:\Users\Tomas\github repos\TF2-xtrnl\TF2-xtrnl\src\SDK\Include\Offsets.h(22,2): error C7525: inline variables require at least '/std:c++17'
C:\Users\Tomas\github repos\TF2-xtrnl\TF2-xtrnl\src\SDK\Include\Offsets.h(23,2): error C7525: inline variables require at least '/std:c++17'
C:\Users\Tomas\github repos\TF2-xtrnl\TF2-xtrnl\src\SDK\Include\Offsets.h(24,2): error C7525: inline variables require at least '/std:c++17'
C:\Users\Tomas\github repos\TF2-xtrnl\TF2-xtrnl\src\SDK\Include\EntityList\EntityList.h(10,20): error C7525: inline variables require at least '/std:c++17'
  Entity.cpp
C:\Users\Tomas\github repos\TF2-xtrnl\TF2-xtrnl\src\Utils\Math\Math.h(16,3): error C4235: nonstandard extension used: '__asm' keyword not supported on this architecture
C:\Users\Tomas\github repos\TF2-xtrnl\TF2-xtrnl\src\Utils\Math\Math.h(18,4): error C2065: 'fld': undeclared identifier
C:\Users\Tomas\github repos\TF2-xtrnl\TF2-xtrnl\src\Utils\Math\Math.h(18,9): error C2146: syntax error: missing ';' before identifier 'DWORD'
C:\Users\Tomas\github repos\TF2-xtrnl\TF2-xtrnl\src\Utils\Math\Math.h(18,9): error C2065: 'DWORD': undeclared identifier
C:\Users\Tomas\github repos\TF2-xtrnl\TF2-xtrnl\src\Utils\Math\Math.h(18,15): error C2146: syntax error: missing ';' before identifier 'PTR'
C:\Users\Tomas\github repos\TF2-xtrnl\TF2-xtrnl\src\Utils\Math\Math.h(18,15): error C2065: 'PTR': undeclared identifier
C:\Users\Tomas\github repos\TF2-xtrnl\TF2-xtrnl\src\Utils\Math\Math.h(19,4): error C2146: syntax error: missing ';' before identifier 'fsincos'
C:\Users\Tomas\github repos\TF2-xtrnl\TF2-xtrnl\src\Utils\Math\Math.h(19,4): error C2065: 'fsincos': undeclared identifier
C:\Users\Tomas\github repos\TF2-xtrnl\TF2-xtrnl\src\Utils\Math\Math.h(21,4): error C2146: syntax error: missing ';' before identifier 'mov'
C:\Users\Tomas\github repos\TF2-xtrnl\TF2-xtrnl\src\Utils\Math\Math.h(21,4): error C2065: 'mov': undeclared identifier
C:\Users\Tomas\github repos\TF2-xtrnl\TF2-xtrnl\src\Utils\Math\Math.h(21,8): error C2146: syntax error: missing ';' before identifier 'edx'
C:\Users\Tomas\github repos\TF2-xtrnl\TF2-xtrnl\src\Utils\Math\Math.h(21,8): error C2065: 'edx': undeclared identifier
C:\Users\Tomas\github repos\TF2-xtrnl\TF2-xtrnl\src\Utils\Math\Math.h(21,13): error C2065: 'DWORD': undeclared identifier
C:\Users\Tomas\github repos\TF2-xtrnl\TF2-xtrnl\src\Utils\Math\Math.h(21,19): error C2146: syntax error: missing ';' before identifier 'PTR'
C:\Users\Tomas\github repos\TF2-xtrnl\TF2-xtrnl\src\Utils\Math\Math.h(21,19): error C2065: 'PTR': undeclared identifier
C:\Users\Tomas\github repos\TF2-xtrnl\TF2-xtrnl\src\Utils\Math\Math.h(22,4): error C2146: syntax error: missing ';' before identifier 'mov'
C:\Users\Tomas\github repos\TF2-xtrnl\TF2-xtrnl\src\Utils\Math\Math.h(22,4): error C2065: 'mov': undeclared identifier
C:\Users\Tomas\github repos\TF2-xtrnl\TF2-xtrnl\src\Utils\Math\Math.h(22,8): error C2146: syntax error: missing ';' before identifier 'eax'
C:\Users\Tomas\github repos\TF2-xtrnl\TF2-xtrnl\src\Utils\Math\Math.h(22,8): error C2065: 'eax': undeclared identifier
C:\Users\Tomas\github repos\TF2-xtrnl\TF2-xtrnl\src\Utils\Math\Math.h(22,13): error C2065: 'DWORD': undeclared identifier
C:\Users\Tomas\github repos\TF2-xtrnl\TF2-xtrnl\src\Utils\Math\Math.h(22,19): error C2146: syntax error: missing ';' before identifier 'PTR'
C:\Users\Tomas\github repos\TF2-xtrnl\TF2-xtrnl\src\Utils\Math\Math.h(22,19): error C2065: 'PTR': undeclared identifier
C:\Users\Tomas\github repos\TF2-xtrnl\TF2-xtrnl\src\Utils\Math\Math.h(24,4): error C2146: syntax error: missing ';' before identifier 'fstp'
C:\Users\Tomas\github repos\TF2-xtrnl\TF2-xtrnl\src\Utils\Math\Math.h(24,4): error C2065: 'fstp': undeclared identifier
C:\Users\Tomas\github repos\TF2-xtrnl\TF2-xtrnl\src\Utils\Math\Math.h(24,9): error C2146: syntax error: missing ';' before identifier 'DWORD'
C:\Users\Tomas\github repos\TF2-xtrnl\TF2-xtrnl\src\Utils\Math\Math.h(24,9): error C2065: 'DWORD': undeclared identifier
C:\Users\Tomas\github repos\TF2-xtrnl\TF2-xtrnl\src\Utils\Math\Math.h(24,15): error C2146: syntax error: missing ';' before identifier 'PTR'
C:\Users\Tomas\github repos\TF2-xtrnl\TF2-xtrnl\src\Utils\Math\Math.h(24,15): error C2065: 'PTR': undeclared identifier
C:\Users\Tomas\github repos\TF2-xtrnl\TF2-xtrnl\src\Utils\Math\Math.h(24,19): error C2065: 'edx': undeclared identifier
C:\Users\Tomas\github repos\TF2-xtrnl\TF2-xtrnl\src\Utils\Math\Math.h(25,4): error C2146: syntax error: missing ';' before identifier 'fstp'
C:\Users\Tomas\github repos\TF2-xtrnl\TF2-xtrnl\src\Utils\Math\Math.h(25,4): error C2065: 'fstp': undeclared identifier
C:\Users\Tomas\github repos\TF2-xtrnl\TF2-xtrnl\src\Utils\Math\Math.h(25,9): error C2146: syntax error: missing ';' before identifier 'DWORD'
C:\Users\Tomas\github repos\TF2-xtrnl\TF2-xtrnl\src\Utils\Math\Math.h(25,9): error C2065: 'DWORD': undeclared identifier
C:\Users\Tomas\github repos\TF2-xtrnl\TF2-xtrnl\src\Utils\Math\Math.h(25,15): error C2146: syntax error: missing ';' before identifier 'PTR'
C:\Users\Tomas\github repos\TF2-xtrnl\TF2-xtrnl\src\Utils\Math\Math.h(25,15): error C2065: 'PTR': undeclared identifier
C:\Users\Tomas\github repos\TF2-xtrnl\TF2-xtrnl\src\Utils\Math\Math.h(25,19): error C2065: 'eax': undeclared identifier
C:\Users\Tomas\github repos\TF2-xtrnl\TF2-xtrnl\src\Utils\Math\Math.h(26,3): error C2143: syntax error: missing ';' before '}'
C:\Users\Tomas\github repos\TF2-xtrnl\TF2-xtrnl\src\Utils\Math\Math.h(29,28): error C2485: 'naked': unrecognized extended attribute
C:\Users\Tomas\github repos\TF2-xtrnl\TF2-xtrnl\src\Utils\Math\Math.h(31,3): error C4235: nonstandard extension used: '__asm' keyword not supported on this architecture
C:\Users\Tomas\github repos\TF2-xtrnl\TF2-xtrnl\src\Utils\Math\Math.h(31,8): error C2065: 'fld': undeclared identifier
C:\Users\Tomas\github repos\TF2-xtrnl\TF2-xtrnl\src\Utils\Math\Math.h(31,12): error C2146: syntax error: missing ';' before identifier 'qword'
C:\Users\Tomas\github repos\TF2-xtrnl\TF2-xtrnl\src\Utils\Math\Math.h(31,12): error C2065: 'qword': undeclared identifier
C:\Users\Tomas\github repos\TF2-xtrnl\TF2-xtrnl\src\Utils\Math\Math.h(31,18): error C2146: syntax error: missing ';' before identifier 'ptr'
C:\Users\Tomas\github repos\TF2-xtrnl\TF2-xtrnl\src\Utils\Math\Math.h(31,18): error C2065: 'ptr': undeclared identifier
C:\Users\Tomas\github repos\TF2-xtrnl\TF2-xtrnl\src\Utils\Math\Math.h(31,22): error C2065: 'esp': undeclared identifier
C:\Users\Tomas\github repos\TF2-xtrnl\TF2-xtrnl\src\Utils\Math\Math.h(32,4): error C2143: syntax error: missing ';' before '__asm'
C:\Users\Tomas\github repos\TF2-xtrnl\TF2-xtrnl\src\Utils\Math\Math.h(32,4): error C4235: nonstandard extension used: '__asm' keyword not supported on this architecture
C:\Users\Tomas\github repos\TF2-xtrnl\TF2-xtrnl\src\Utils\Math\Math.h(32,9): error C2065: 'fsqrt': undeclared identifier
C:\Users\Tomas\github repos\TF2-xtrnl\TF2-xtrnl\src\Utils\Math\Math.h(33,3): error C2143: syntax error: missing ';' before '__asm'
C:\Users\Tomas\github repos\TF2-xtrnl\TF2-xtrnl\src\Utils\Math\Math.h(33,3): error C4235: nonstandard extension used: '__asm' keyword not supported on this architecture
C:\Users\Tomas\github repos\TF2-xtrnl\TF2-xtrnl\src\Utils\Math\Math.h(33,8): error C2065: 'ret': undeclared identifier
C:\Users\Tomas\github repos\TF2-xtrnl\TF2-xtrnl\src\Utils\Math\Math.h(33,12): error C2143: syntax error: missing ';' before 'constant'
C:\Users\Tomas\github repos\TF2-xtrnl\TF2-xtrnl\src\Utils\Math\Math.h(34,2): error C2143: syntax error: missing ';' before '}'
C:\Users\Tomas\github repos\TF2-xtrnl\TF2-xtrnl\src\Utils\Process\Process.h(18,17): error C7525: inline variables require at least '/std:c++17'
C:\Users\Tomas\github repos\TF2-xtrnl\TF2-xtrnl\src\Utils\Utils.h(15,2): warning C4312: 'reinterpret_cast': conversion from 'const DWORD' to 'PVOID' of greater size
C:\Users\Tomas\github repos\TF2-xtrnl\TF2-xtrnl\src\Utils\Utils.h(20,2): warning C4312: 'reinterpret_cast': conversion from 'const DWORD' to 'PVOID' of greater size
C:\Users\Tomas\github repos\TF2-xtrnl\TF2-xtrnl\src\Utils\Utils.h(33,52): warning C4311: 'reinterpret_cast': pointer truncation from 'HMODULE' to 'DWORD'
C:\Users\Tomas\github repos\TF2-xtrnl\TF2-xtrnl\src\Utils\Utils.h(33,52): warning C4302: 'reinterpret_cast': truncation from 'HMODULE' to 'DWORD'
C:\Users\Tomas\github repos\TF2-xtrnl\TF2-xtrnl\src\SDK\Include\Offsets.h(8,2): error C7525: inline variables require at least '/std:c++17'
C:\Users\Tomas\github repos\TF2-xtrnl\TF2-xtrnl\src\SDK\Include\Offsets.h(9,2): error C7525: inline variables require at least '/std:c++17'
C:\Users\Tomas\github repos\TF2-xtrnl\TF2-xtrnl\src\SDK\Include\Offsets.h(11,2): error C7525: inline variables require at least '/std:c++17'
C:\Users\Tomas\github repos\TF2-xtrnl\TF2-xtrnl\src\SDK\Include\Offsets.h(12,2): error C7525: inline variables require at least '/std:c++17'
C:\Users\Tomas\github repos\TF2-xtrnl\TF2-xtrnl\src\SDK\Include\Offsets.h(13,2): error C7525: inline variables require at least '/std:c++17'
C:\Users\Tomas\github repos\TF2-xtrnl\TF2-xtrnl\src\SDK\Include\Offsets.h(14,2): error C7525: inline variables require at least '/std:c++17'
C:\Users\Tomas\github repos\TF2-xtrnl\TF2-xtrnl\src\SDK\Include\Offsets.h(15,2): error C7525: inline variables require at least '/std:c++17'
C:\Users\Tomas\github repos\TF2-xtrnl\TF2-xtrnl\src\SDK\Include\Offsets.h(16,2): error C7525: inline variables require at least '/std:c++17'
C:\Users\Tomas\github repos\TF2-xtrnl\TF2-xtrnl\src\SDK\Include\Offsets.h(17,2): error C7525: inline variables require at least '/std:c++17'
C:\Users\Tomas\github repos\TF2-xtrnl\TF2-xtrnl\src\SDK\Include\Offsets.h(19,2): error C7525: inline variables require at least '/std:c++17'
C:\Users\Tomas\github repos\TF2-xtrnl\TF2-xtrnl\src\SDK\Include\Offsets.h(20,2): error C7525: inline variables require at least '/std:c++17'
C:\Users\Tomas\github repos\TF2-xtrnl\TF2-xtrnl\src\SDK\Include\Offsets.h(21,2): error C7525: inline variables require at least '/std:c++17'
C:\Users\Tomas\github repos\TF2-xtrnl\TF2-xtrnl\src\SDK\Include\Offsets.h(22,2): error C7525: inline variables require at least '/std:c++17'
C:\Users\Tomas\github repos\TF2-xtrnl\TF2-xtrnl\src\SDK\Include\Offsets.h(23,2): error C7525: inline variables require at least '/std:c++17'
C:\Users\Tomas\github repos\TF2-xtrnl\TF2-xtrnl\src\SDK\Include\Offsets.h(24,2): error C7525: inline variables require at least '/std:c++17'
  Process.cpp
C:\Users\Tomas\github repos\TF2-xtrnl\TF2-xtrnl\src\Utils\Process\Process.h(18,17): error C7525: inline variables require at least '/std:c++17'
